<?xml version="1.0" encoding="UTF-8"?>
<coverage generated="1683071342870" clover="3.2.0">
  <project timestamp="1683071342870" name="All files">
    <metrics statements="85" coveredstatements="74" conditionals="24" coveredconditionals="15" methods="34" coveredmethods="28" elements="143" coveredelements="117" complexity="0" loc="85" ncloc="85" packages="9" files="17" classes="17"/>
    <package name="femsa-code-challenge">
      <metrics statements="8" coveredstatements="0" conditionals="4" coveredconditionals="0" methods="2" coveredmethods="0"/>
      <file name="App.js" path="/Users/leonpa/Desktop/react-native/femsa-code-challenge/App.js">
        <metrics statements="7" coveredstatements="0" conditionals="4" coveredconditionals="0" methods="2" coveredmethods="0"/>
        <line num="10" count="0" type="stmt"/>
        <line num="15" count="0" type="stmt"/>
        <line num="16" count="0" type="cond" truecount="0" falsecount="2"/>
        <line num="17" count="0" type="stmt"/>
        <line num="21" count="0" type="cond" truecount="0" falsecount="2"/>
        <line num="22" count="0" type="stmt"/>
        <line num="25" count="0" type="stmt"/>
      </file>
      <file name="react-native.config.js" path="/Users/leonpa/Desktop/react-native/femsa-code-challenge/react-native.config.js">
        <metrics statements="1" coveredstatements="0" conditionals="0" coveredconditionals="0" methods="0" coveredmethods="0"/>
        <line num="1" count="0" type="stmt"/>
      </file>
    </package>
    <package name="femsa-code-challenge.src.api">
      <metrics statements="1" coveredstatements="1" conditionals="0" coveredconditionals="0" methods="1" coveredmethods="0"/>
      <file name="endpoints.js" path="/Users/leonpa/Desktop/react-native/femsa-code-challenge/src/api/endpoints.js">
        <metrics statements="1" coveredstatements="1" conditionals="0" coveredconditionals="0" methods="1" coveredmethods="0"/>
        <line num="3" count="2" type="stmt"/>
      </file>
    </package>
    <package name="femsa-code-challenge.src.components.MainScreen">
      <metrics statements="21" coveredstatements="21" conditionals="6" coveredconditionals="5" methods="9" coveredmethods="9"/>
      <file name="PointScore.jsx" path="/Users/leonpa/Desktop/react-native/femsa-code-challenge/src/components/MainScreen/PointScore.jsx">
        <metrics statements="3" coveredstatements="3" conditionals="0" coveredconditionals="0" methods="1" coveredmethods="1"/>
        <line num="5" count="2" type="stmt"/>
        <line num="6" count="5" type="stmt"/>
        <line num="23" count="2" type="stmt"/>
      </file>
      <file name="ProductItem.jsx" path="/Users/leonpa/Desktop/react-native/femsa-code-challenge/src/components/MainScreen/ProductItem.jsx">
        <metrics statements="10" coveredstatements="10" conditionals="6" coveredconditionals="5" methods="4" coveredmethods="4"/>
        <line num="11" count="3" type="stmt"/>
        <line num="12" count="11" type="stmt"/>
        <line num="13" count="11" type="stmt"/>
        <line num="15" count="11" type="stmt"/>
        <line num="16" count="11" type="stmt"/>
        <line num="27" count="11" type="stmt"/>
        <line num="28" count="1" type="stmt"/>
        <line num="31" count="11" type="stmt"/>
        <line num="35" count="11" type="cond" truecount="1" falsecount="1"/>
        <line num="81" count="3" type="stmt"/>
      </file>
      <file name="ProductList.jsx" path="/Users/leonpa/Desktop/react-native/femsa-code-challenge/src/components/MainScreen/ProductList.jsx">
        <metrics statements="5" coveredstatements="5" conditionals="0" coveredconditionals="0" methods="3" coveredmethods="3"/>
        <line num="6" count="2" type="stmt"/>
        <line num="7" count="5" type="stmt"/>
        <line num="11" count="8" type="stmt"/>
        <line num="12" count="8" type="stmt"/>
        <line num="19" count="2" type="stmt"/>
      </file>
      <file name="WelcomeMessage.jsx" path="/Users/leonpa/Desktop/react-native/femsa-code-challenge/src/components/MainScreen/WelcomeMessage.jsx">
        <metrics statements="3" coveredstatements="3" conditionals="0" coveredconditionals="0" methods="1" coveredmethods="1"/>
        <line num="5" count="3" type="stmt"/>
        <line num="6" count="6" type="stmt"/>
        <line num="16" count="3" type="stmt"/>
      </file>
    </package>
    <package name="femsa-code-challenge.src.components.ui">
      <metrics statements="10" coveredstatements="10" conditionals="2" coveredconditionals="1" methods="4" coveredmethods="4"/>
      <file name="AvenirBoldText.jsx" path="/Users/leonpa/Desktop/react-native/femsa-code-challenge/src/components/ui/AvenirBoldText.jsx">
        <metrics statements="3" coveredstatements="3" conditionals="0" coveredconditionals="0" methods="1" coveredmethods="1"/>
        <line num="4" count="4" type="stmt"/>
        <line num="5" count="68" type="stmt"/>
        <line num="12" count="4" type="stmt"/>
      </file>
      <file name="AvenirText.jsx" path="/Users/leonpa/Desktop/react-native/femsa-code-challenge/src/components/ui/AvenirText.jsx">
        <metrics statements="3" coveredstatements="3" conditionals="0" coveredconditionals="0" methods="1" coveredmethods="1"/>
        <line num="4" count="4" type="stmt"/>
        <line num="5" count="17" type="stmt"/>
        <line num="12" count="4" type="stmt"/>
      </file>
      <file name="Button.jsx" path="/Users/leonpa/Desktop/react-native/femsa-code-challenge/src/components/ui/Button.jsx">
        <metrics statements="4" coveredstatements="4" conditionals="2" coveredconditionals="1" methods="2" coveredmethods="2"/>
        <line num="6" count="2" type="stmt"/>
        <line num="7" count="9" type="stmt"/>
        <line num="10" count="9" type="cond" truecount="1" falsecount="1"/>
        <line num="23" count="2" type="stmt"/>
      </file>
    </package>
    <package name="femsa-code-challenge.src.context">
      <metrics statements="10" coveredstatements="10" conditionals="0" coveredconditionals="0" methods="3" coveredmethods="3"/>
      <file name="ProductsContext.jsx" path="/Users/leonpa/Desktop/react-native/femsa-code-challenge/src/context/ProductsContext.jsx">
        <metrics statements="10" coveredstatements="10" conditionals="0" coveredconditionals="0" methods="3" coveredmethods="3"/>
        <line num="5" count="3" type="stmt"/>
        <line num="10" count="3" type="stmt"/>
        <line num="11" count="5" type="stmt"/>
        <line num="13" count="5" type="stmt"/>
        <line num="14" count="2" type="stmt"/>
        <line num="15" count="2" type="stmt"/>
        <line num="16" count="1" type="stmt"/>
        <line num="18" count="1" type="stmt"/>
        <line num="19" count="1" type="stmt"/>
        <line num="23" count="5" type="stmt"/>
      </file>
    </package>
    <package name="femsa-code-challenge.src.hooks">
      <metrics statements="5" coveredstatements="5" conditionals="0" coveredconditionals="0" methods="2" coveredmethods="2"/>
      <file name="useDate.js" path="/Users/leonpa/Desktop/react-native/femsa-code-challenge/src/hooks/useDate.js">
        <metrics statements="5" coveredstatements="5" conditionals="0" coveredconditionals="0" methods="2" coveredmethods="2"/>
        <line num="3" count="4" type="stmt"/>
        <line num="4" count="11" type="stmt"/>
        <line num="5" count="11" type="stmt"/>
        <line num="20" count="11" type="stmt"/>
        <line num="22" count="11" type="stmt"/>
      </file>
    </package>
    <package name="femsa-code-challenge.src.navigation">
      <metrics statements="4" coveredstatements="3" conditionals="0" coveredconditionals="0" methods="2" coveredmethods="1"/>
      <file name="MainNavigation.jsx" path="/Users/leonpa/Desktop/react-native/femsa-code-challenge/src/navigation/MainNavigation.jsx">
        <metrics statements="4" coveredstatements="3" conditionals="0" coveredconditionals="0" methods="2" coveredmethods="1"/>
        <line num="9" count="1" type="stmt"/>
        <line num="11" count="1" type="stmt"/>
        <line num="12" count="1" type="stmt"/>
        <line num="26" count="0" type="stmt"/>
      </file>
    </package>
    <package name="femsa-code-challenge.src.screens">
      <metrics statements="23" coveredstatements="21" conditionals="12" coveredconditionals="9" methods="11" coveredmethods="9"/>
      <file name="HomeScreen.jsx" path="/Users/leonpa/Desktop/react-native/femsa-code-challenge/src/screens/HomeScreen.jsx">
        <metrics statements="23" coveredstatements="21" conditionals="12" coveredconditionals="9" methods="11" coveredmethods="9"/>
        <line num="18" count="2" type="stmt"/>
        <line num="24" count="2" type="stmt"/>
        <line num="25" count="5" type="stmt"/>
        <line num="27" count="5" type="stmt"/>
        <line num="28" count="5" type="cond" truecount="2" falsecount="0"/>
        <line num="29" count="1" type="stmt"/>
        <line num="32" count="5" type="stmt"/>
        <line num="34" count="5" type="stmt"/>
        <line num="35" count="10" type="cond" truecount="2" falsecount="0"/>
        <line num="36" count="2" type="stmt"/>
        <line num="38" count="8" type="stmt"/>
        <line num="44" count="5" type="stmt"/>
        <line num="45" count="2" type="stmt"/>
        <line num="48" count="5" type="stmt"/>
        <line num="49" count="5" type="cond" truecount="2" falsecount="2"/>
        <line num="51" count="3" type="stmt"/>
        <line num="53" count="0" type="stmt"/>
        <line num="56" count="4" type="stmt"/>
        <line num="60" count="5" type="stmt"/>
        <line num="76" count="0" type="stmt"/>
        <line num="82" count="1" type="stmt"/>
        <line num="86" count="1" type="stmt"/>
        <line num="105" count="2" type="stmt"/>
      </file>
    </package>
    <package name="femsa-code-challenge.src.utils.constants">
      <metrics statements="3" coveredstatements="3" conditionals="0" coveredconditionals="0" methods="0" coveredmethods="0"/>
      <file name="colors.js" path="/Users/leonpa/Desktop/react-native/femsa-code-challenge/src/utils/constants/colors.js">
        <metrics statements="1" coveredstatements="1" conditionals="0" coveredconditionals="0" methods="0" coveredmethods="0"/>
        <line num="1" count="3" type="stmt"/>
      </file>
      <file name="fonts.js" path="/Users/leonpa/Desktop/react-native/femsa-code-challenge/src/utils/constants/fonts.js">
        <metrics statements="1" coveredstatements="1" conditionals="0" coveredconditionals="0" methods="0" coveredmethods="0"/>
        <line num="1" count="4" type="stmt"/>
      </file>
      <file name="routes.js" path="/Users/leonpa/Desktop/react-native/femsa-code-challenge/src/utils/constants/routes.js">
        <metrics statements="1" coveredstatements="1" conditionals="0" coveredconditionals="0" methods="0" coveredmethods="0"/>
        <line num="1" count="3" type="stmt"/>
      </file>
    </package>
  </project>
</coverage>
