<?xml version="1.0" encoding="UTF-8"?>
<coverage generated="1683243928965" clover="3.2.0">
  <project timestamp="1683243928965" name="All files">
    <metrics statements="134" coveredstatements="103" conditionals="65" coveredconditionals="31" methods="44" coveredmethods="31" elements="243" coveredelements="165" complexity="0" loc="134" ncloc="134" packages="10" files="19" classes="19"/>
    <package name="femsa-code-challenge">
      <metrics statements="11" coveredstatements="0" conditionals="4" coveredconditionals="0" methods="4" coveredmethods="0"/>
      <file name="App.js" path="/Users/leonpa/Desktop/react-native/femsa-code-challenge/App.js">
        <metrics statements="11" coveredstatements="0" conditionals="4" coveredconditionals="0" methods="4" coveredmethods="0"/>
        <line num="11" count="0" type="stmt"/>
        <line num="16" count="0" type="stmt"/>
        <line num="17" count="0" type="stmt"/>
        <line num="18" count="0" type="stmt"/>
        <line num="22" count="0" type="stmt"/>
        <line num="25" count="0" type="stmt"/>
        <line num="26" count="0" type="cond" truecount="0" falsecount="2"/>
        <line num="27" count="0" type="stmt"/>
        <line num="31" count="0" type="cond" truecount="0" falsecount="2"/>
        <line num="32" count="0" type="stmt"/>
        <line num="35" count="0" type="stmt"/>
      </file>
    </package>
    <package name="femsa-code-challenge.src.api">
      <metrics statements="1" coveredstatements="1" conditionals="0" coveredconditionals="0" methods="1" coveredmethods="0"/>
      <file name="endpoints.js" path="/Users/leonpa/Desktop/react-native/femsa-code-challenge/src/api/endpoints.js">
        <metrics statements="1" coveredstatements="1" conditionals="0" coveredconditionals="0" methods="1" coveredmethods="0"/>
        <line num="3" count="2" type="stmt"/>
      </file>
    </package>
    <package name="femsa-code-challenge.src.components.MainScreen">
      <metrics statements="18" coveredstatements="15" conditionals="4" coveredconditionals="0" methods="7" coveredmethods="4"/>
      <file name="ProductItem.jsx" path="/Users/leonpa/Desktop/react-native/femsa-code-challenge/src/components/MainScreen/ProductItem.jsx">
        <metrics statements="4" coveredstatements="4" conditionals="0" coveredconditionals="0" methods="2" coveredmethods="2"/>
        <line num="16" count="4" type="stmt"/>
        <line num="26" count="4" type="stmt"/>
        <line num="29" count="1" type="stmt"/>
        <line num="80" count="4" type="stmt"/>
      </file>
      <file name="ProductList.jsx" path="/Users/leonpa/Desktop/react-native/femsa-code-challenge/src/components/MainScreen/ProductList.jsx">
        <metrics statements="11" coveredstatements="8" conditionals="4" coveredconditionals="0" methods="4" coveredmethods="1"/>
        <line num="11" count="3" type="stmt"/>
        <line num="12" count="7" type="stmt"/>
        <line num="13" count="7" type="stmt"/>
        <line num="15" count="7" type="stmt"/>
        <line num="16" count="0" type="stmt"/>
        <line num="27" count="7" type="stmt"/>
        <line num="28" count="0" type="stmt"/>
        <line num="31" count="7" type="stmt"/>
        <line num="33" count="0" type="stmt"/>
        <line num="45" count="7" type="stmt"/>
        <line num="58" count="3" type="stmt"/>
      </file>
      <file name="WelcomeMessage.jsx" path="/Users/leonpa/Desktop/react-native/femsa-code-challenge/src/components/MainScreen/WelcomeMessage.jsx">
        <metrics statements="3" coveredstatements="3" conditionals="0" coveredconditionals="0" methods="1" coveredmethods="1"/>
        <line num="9" count="3" type="stmt"/>
        <line num="10" count="6" type="stmt"/>
        <line num="20" count="3" type="stmt"/>
      </file>
    </package>
    <package name="femsa-code-challenge.src.components.ui">
      <metrics statements="29" coveredstatements="19" conditionals="15" coveredconditionals="7" methods="8" coveredmethods="6"/>
      <file name="Button.jsx" path="/Users/leonpa/Desktop/react-native/femsa-code-challenge/src/components/ui/Button.jsx">
        <metrics statements="4" coveredstatements="4" conditionals="2" coveredconditionals="1" methods="2" coveredmethods="2"/>
        <line num="7" count="3" type="stmt"/>
        <line num="8" count="11" type="stmt"/>
        <line num="11" count="11" type="cond" truecount="1" falsecount="1"/>
        <line num="29" count="3" type="stmt"/>
      </file>
      <file name="CustomFontText.jsx" path="/Users/leonpa/Desktop/react-native/femsa-code-challenge/src/components/ui/CustomFontText.jsx">
        <metrics statements="3" coveredstatements="3" conditionals="1" coveredconditionals="1" methods="1" coveredmethods="1"/>
        <line num="4" count="4" type="cond" truecount="1" falsecount="0"/>
        <line num="5" count="14" type="stmt"/>
        <line num="12" count="4" type="stmt"/>
      </file>
      <file name="MessageCard.jsx" path="/Users/leonpa/Desktop/react-native/femsa-code-challenge/src/components/ui/MessageCard.jsx">
        <metrics statements="3" coveredstatements="3" conditionals="0" coveredconditionals="0" methods="1" coveredmethods="1"/>
        <line num="7" count="3" type="stmt"/>
        <line num="8" count="8" type="stmt"/>
        <line num="26" count="3" type="stmt"/>
      </file>
      <file name="OptimizedImage.jsx" path="/Users/leonpa/Desktop/react-native/femsa-code-challenge/src/components/ui/OptimizedImage.jsx">
        <metrics statements="19" coveredstatements="9" conditionals="12" coveredconditionals="5" methods="4" coveredmethods="2"/>
        <line num="6" count="2" type="stmt"/>
        <line num="7" count="2" type="stmt"/>
        <line num="8" count="2" type="stmt"/>
        <line num="10" count="2" type="stmt"/>
        <line num="11" count="0" type="stmt"/>
        <line num="12" count="0" type="stmt"/>
        <line num="15" count="2" type="stmt"/>
        <line num="16" count="2" type="stmt"/>
        <line num="17" count="0" type="cond" truecount="0" falsecount="2"/>
        <line num="19" count="0" type="cond" truecount="0" falsecount="2"/>
        <line num="23" count="0" type="cond" truecount="0" falsecount="2"/>
        <line num="27" count="0" type="stmt"/>
        <line num="28" count="0" type="stmt"/>
        <line num="33" count="0" type="stmt"/>
        <line num="35" count="0" type="stmt"/>
        <line num="39" count="2" type="cond" truecount="3" falsecount="1"/>
        <line num="40" count="0" type="stmt"/>
        <line num="44" count="2" type="stmt"/>
        <line num="60" count="2" type="stmt"/>
      </file>
    </package>
    <package name="femsa-code-challenge.src.context">
      <metrics statements="11" coveredstatements="11" conditionals="0" coveredconditionals="0" methods="4" coveredmethods="4"/>
      <file name="ProductsContext.jsx" path="/Users/leonpa/Desktop/react-native/femsa-code-challenge/src/context/ProductsContext.jsx">
        <metrics statements="11" coveredstatements="11" conditionals="0" coveredconditionals="0" methods="4" coveredmethods="4"/>
        <line num="5" count="3" type="stmt"/>
        <line num="11" count="3" type="stmt"/>
        <line num="12" count="5" type="stmt"/>
        <line num="17" count="5" type="stmt"/>
        <line num="18" count="2" type="stmt"/>
        <line num="19" count="2" type="stmt"/>
        <line num="20" count="1" type="stmt"/>
        <line num="21" count="2" type="stmt"/>
        <line num="28" count="1" type="stmt"/>
        <line num="29" count="1" type="stmt"/>
        <line num="33" count="5" type="stmt"/>
      </file>
    </package>
    <package name="femsa-code-challenge.src.hooks">
      <metrics statements="5" coveredstatements="5" conditionals="0" coveredconditionals="0" methods="2" coveredmethods="2"/>
      <file name="useDate.js" path="/Users/leonpa/Desktop/react-native/femsa-code-challenge/src/hooks/useDate.js">
        <metrics statements="5" coveredstatements="5" conditionals="0" coveredconditionals="0" methods="2" coveredmethods="2"/>
        <line num="3" count="4" type="stmt"/>
        <line num="4" count="8" type="stmt"/>
        <line num="19" count="8" type="stmt"/>
        <line num="20" count="1" type="stmt"/>
        <line num="21" count="1" type="stmt"/>
      </file>
    </package>
    <package name="femsa-code-challenge.src.navigation">
      <metrics statements="4" coveredstatements="3" conditionals="0" coveredconditionals="0" methods="2" coveredmethods="1"/>
      <file name="MainNavigation.jsx" path="/Users/leonpa/Desktop/react-native/femsa-code-challenge/src/navigation/MainNavigation.jsx">
        <metrics statements="4" coveredstatements="3" conditionals="0" coveredconditionals="0" methods="2" coveredmethods="1"/>
        <line num="9" count="1" type="stmt"/>
        <line num="11" count="1" type="stmt"/>
        <line num="12" count="1" type="stmt"/>
        <line num="26" count="0" type="stmt"/>
      </file>
    </package>
    <package name="femsa-code-challenge.src.screens">
      <metrics statements="32" coveredstatements="29" conditionals="16" coveredconditionals="11" methods="14" coveredmethods="12"/>
      <file name="HomeScreen.jsx" path="/Users/leonpa/Desktop/react-native/femsa-code-challenge/src/screens/HomeScreen.jsx">
        <metrics statements="27" coveredstatements="24" conditionals="14" coveredconditionals="10" methods="12" coveredmethods="10"/>
        <line num="19" count="2" type="stmt"/>
        <line num="25" count="2" type="stmt"/>
        <line num="27" count="5" type="stmt"/>
        <line num="29" count="5" type="stmt"/>
        <line num="30" count="5" type="cond" truecount="2" falsecount="0"/>
        <line num="31" count="1" type="stmt"/>
        <line num="34" count="5" type="stmt"/>
        <line num="36" count="5" type="stmt"/>
        <line num="37" count="10" type="cond" truecount="2" falsecount="0"/>
        <line num="38" count="2" type="stmt"/>
        <line num="40" count="8" type="stmt"/>
        <line num="46" count="5" type="stmt"/>
        <line num="47" count="2" type="stmt"/>
        <line num="50" count="5" type="stmt"/>
        <line num="51" count="5" type="cond" truecount="2" falsecount="2"/>
        <line num="53" count="3" type="stmt"/>
        <line num="55" count="0" type="stmt"/>
        <line num="58" count="4" type="stmt"/>
        <line num="62" count="5" type="stmt"/>
        <line num="64" count="5" type="stmt"/>
        <line num="70" count="5" type="cond" truecount="1" falsecount="1"/>
        <line num="71" count="0" type="stmt"/>
        <line num="80" count="5" type="stmt"/>
        <line num="97" count="0" type="stmt"/>
        <line num="103" count="1" type="stmt"/>
        <line num="107" count="1" type="stmt"/>
        <line num="126" count="2" type="stmt"/>
      </file>
      <file name="ProductDetails.jsx" path="/Users/leonpa/Desktop/react-native/femsa-code-challenge/src/screens/ProductDetails.jsx">
        <metrics statements="5" coveredstatements="5" conditionals="2" coveredconditionals="1" methods="2" coveredmethods="2"/>
        <line num="9" count="2" type="stmt"/>
        <line num="10" count="2" type="stmt"/>
        <line num="12" count="2" type="stmt"/>
        <line num="45" count="1" type="stmt"/>
        <line num="64" count="2" type="stmt"/>
      </file>
    </package>
    <package name="femsa-code-challenge.src.utils.constants">
      <metrics statements="8" coveredstatements="8" conditionals="0" coveredconditionals="0" methods="0" coveredmethods="0"/>
      <file name="breakpoints.js" path="/Users/leonpa/Desktop/react-native/femsa-code-challenge/src/utils/constants/breakpoints.js">
        <metrics statements="2" coveredstatements="2" conditionals="0" coveredconditionals="0" methods="0" coveredmethods="0"/>
        <line num="1" count="9" type="stmt"/>
        <line num="12" count="9" type="stmt"/>
      </file>
      <file name="colors.js" path="/Users/leonpa/Desktop/react-native/femsa-code-challenge/src/utils/constants/colors.js">
        <metrics statements="2" coveredstatements="2" conditionals="0" coveredconditionals="0" methods="0" coveredmethods="0"/>
        <line num="3" count="5" type="stmt"/>
        <line num="20" count="5" type="stmt"/>
      </file>
      <file name="fonts.js" path="/Users/leonpa/Desktop/react-native/femsa-code-challenge/src/utils/constants/fonts.js">
        <metrics statements="3" coveredstatements="3" conditionals="0" coveredconditionals="0" methods="0" coveredmethods="0"/>
        <line num="4" count="8" type="stmt"/>
        <line num="9" count="8" type="stmt"/>
        <line num="22" count="8" type="stmt"/>
      </file>
      <file name="routes.js" path="/Users/leonpa/Desktop/react-native/femsa-code-challenge/src/utils/constants/routes.js">
        <metrics statements="1" coveredstatements="1" conditionals="0" coveredconditionals="0" methods="0" coveredmethods="0"/>
        <line num="1" count="3" type="stmt"/>
      </file>
    </package>
    <package name="femsa-code-challenge.src.utils.helpers">
      <metrics statements="15" coveredstatements="12" conditionals="26" coveredconditionals="13" methods="2" coveredmethods="2"/>
      <file name="styleHelpers.js" path="/Users/leonpa/Desktop/react-native/femsa-code-challenge/src/utils/helpers/styleHelpers.js">
        <metrics statements="15" coveredstatements="12" conditionals="26" coveredconditionals="13" methods="2" coveredmethods="2"/>
        <line num="4" count="9" type="stmt"/>
        <line num="5" count="279" type="cond" truecount="2" falsecount="0"/>
        <line num="8" count="9" type="stmt"/>
        <line num="9" count="93" type="stmt"/>
        <line num="11" count="93" type="cond" truecount="2" falsecount="0"/>
        <line num="12" count="1" type="stmt"/>
        <line num="13" count="92" type="cond" truecount="2" falsecount="0"/>
        <line num="20" count="1" type="cond" truecount="2" falsecount="0"/>
        <line num="21" count="91" type="cond" truecount="1" falsecount="1"/>
        <line num="28" count="0" type="stmt"/>
        <line num="31" count="91" type="cond" truecount="1" falsecount="1"/>
        <line num="38" count="0" type="stmt"/>
        <line num="44" count="91" type="cond" truecount="1" falsecount="1"/>
        <line num="45" count="91" type="stmt"/>
        <line num="54" count="0" type="stmt"/>
      </file>
    </package>
  </project>
</coverage>
