{"/Users/leonpa/Desktop/react-native/femsa-code-challenge/App.js": {"path":"/Users/leonpa/Desktop/react-native/femsa-code-challenge/App.js","statementMap":{"0":{"start":{"line":11,"column":24},"end":{"line":14,"column":4}},"1":{"start":{"line":16,"column":2},"end":{"line":23,"column":9}},"2":{"start":{"line":17,"column":34},"end":{"line":20,"column":7}},"3":{"start":{"line":18,"column":6},"end":{"line":20,"column":7}},"4":{"start":{"line":22,"column":4},"end":{"line":22,"column":28}},"5":{"start":{"line":25,"column":27},"end":{"line":29,"column":19}},"6":{"start":{"line":26,"column":4},"end":{"line":28,"column":5}},"7":{"start":{"line":27,"column":6},"end":{"line":27,"column":37}},"8":{"start":{"line":31,"column":2},"end":{"line":33,"column":3}},"9":{"start":{"line":32,"column":4},"end":{"line":32,"column":16}},"10":{"start":{"line":35,"column":2},"end":{"line":40,"column":4}}},"fnMap":{"0":{"name":"App","decl":{"start":{"line":10,"column":24},"end":{"line":10,"column":27}},"loc":{"start":{"line":10,"column":30},"end":{"line":41,"column":1}},"line":10},"1":{"name":"(anonymous_1)","decl":{"start":{"line":16,"column":12},"end":{"line":16,"column":13}},"loc":{"start":{"line":16,"column":18},"end":{"line":23,"column":3}},"line":16},"2":{"name":"(anonymous_2)","decl":{"start":{"line":17,"column":34},"end":{"line":17,"column":35}},"loc":{"start":{"line":18,"column":6},"end":{"line":20,"column":7}},"line":18},"3":{"name":"(anonymous_3)","decl":{"start":{"line":25,"column":39},"end":{"line":25,"column":40}},"loc":{"start":{"line":25,"column":51},"end":{"line":29,"column":3}},"line":25}},"branchMap":{"0":{"loc":{"start":{"line":26,"column":4},"end":{"line":28,"column":5}},"type":"if","locations":[{"start":{"line":26,"column":4},"end":{"line":28,"column":5}},{"start":{},"end":{}}],"line":26},"1":{"loc":{"start":{"line":31,"column":2},"end":{"line":33,"column":3}},"type":"if","locations":[{"start":{"line":31,"column":2},"end":{"line":33,"column":3}},{"start":{},"end":{}}],"line":31}},"s":{"0":0,"1":0,"2":0,"3":0,"4":0,"5":0,"6":0,"7":0,"8":0,"9":0,"10":0},"f":{"0":0,"1":0,"2":0,"3":0},"b":{"0":[0,0],"1":[0,0]}}
,"/Users/leonpa/Desktop/react-native/femsa-code-challenge/src/api/endpoints.js": {"path":"/Users/leonpa/Desktop/react-native/femsa-code-challenge/src/api/endpoints.js","statementMap":{"0":{"start":{"line":3,"column":32},"end":{"line":3,"column":60}},"1":{"start":{"line":3,"column":38},"end":{"line":3,"column":60}}},"fnMap":{"0":{"name":"(anonymous_0)","decl":{"start":{"line":3,"column":32},"end":{"line":3,"column":33}},"loc":{"start":{"line":3,"column":38},"end":{"line":3,"column":60}},"line":3}},"branchMap":{},"s":{"0":2,"1":0},"f":{"0":0},"b":{},"_coverageSchema":"1a1c01bbd47fc00a2c39e90264f33305004495a9","hash":"74e138a32a45fc6939f6857be0444773cd6abd9f"}
,"/Users/leonpa/Desktop/react-native/femsa-code-challenge/src/components/MainScreen/ProductItem.jsx": {"path":"/Users/leonpa/Desktop/react-native/femsa-code-challenge/src/components/MainScreen/ProductItem.jsx","statementMap":{"0":{"start":{"line":16,"column":20},"end":{"line":67,"column":1}},"1":{"start":{"line":26,"column":2},"end":{"line":66,"column":29}},"2":{"start":{"line":29,"column":6},"end":{"line":29,"column":67}},"3":{"start":{"line":80,"column":4},"end":{"line":115,"column":2}}},"fnMap":{"0":{"name":"(anonymous_0)","decl":{"start":{"line":16,"column":20},"end":{"line":16,"column":21}},"loc":{"start":{"line":26,"column":2},"end":{"line":66,"column":29}},"line":26},"1":{"name":"(anonymous_1)","decl":{"start":{"line":28,"column":13},"end":{"line":28,"column":14}},"loc":{"start":{"line":29,"column":6},"end":{"line":29,"column":67}},"line":29}},"branchMap":{},"s":{"0":4,"1":4,"2":1,"3":4},"f":{"0":4,"1":1},"b":{},"_coverageSchema":"1a1c01bbd47fc00a2c39e90264f33305004495a9","hash":"50767afd69335aa0657bce26a56640e7af744e93"}
,"/Users/leonpa/Desktop/react-native/femsa-code-challenge/src/components/MainScreen/ProductList.jsx": {"path":"/Users/leonpa/Desktop/react-native/femsa-code-challenge/src/components/MainScreen/ProductList.jsx","statementMap":{"0":{"start":{"line":11,"column":20},"end":{"line":54,"column":1}},"1":{"start":{"line":12,"column":21},"end":{"line":12,"column":30}},"2":{"start":{"line":13,"column":23},"end":{"line":13,"column":38}},"3":{"start":{"line":15,"column":32},"end":{"line":25,"column":3}},"4":{"start":{"line":16,"column":24},"end":{"line":23,"column":5}},"5":{"start":{"line":27,"column":18},"end":{"line":29,"column":8}},"6":{"start":{"line":28,"column":4},"end":{"line":28,"column":50}},"7":{"start":{"line":31,"column":21},"end":{"line":43,"column":3}},"8":{"start":{"line":33,"column":6},"end":{"line":40,"column":8}},"9":{"start":{"line":45,"column":2},"end":{"line":53,"column":4}},"10":{"start":{"line":58,"column":22},"end":{"line":75,"column":2}}},"fnMap":{"0":{"name":"(anonymous_0)","decl":{"start":{"line":11,"column":20},"end":{"line":11,"column":21}},"loc":{"start":{"line":11,"column":38},"end":{"line":54,"column":1}},"line":11},"1":{"name":"(anonymous_1)","decl":{"start":{"line":16,"column":4},"end":{"line":16,"column":5}},"loc":{"start":{"line":16,"column":24},"end":{"line":23,"column":5}},"line":16},"2":{"name":"(anonymous_2)","decl":{"start":{"line":27,"column":30},"end":{"line":27,"column":31}},"loc":{"start":{"line":27,"column":43},"end":{"line":29,"column":3}},"line":27},"3":{"name":"(anonymous_3)","decl":{"start":{"line":32,"column":4},"end":{"line":32,"column":5}},"loc":{"start":{"line":33,"column":6},"end":{"line":40,"column":8}},"line":33}},"branchMap":{"0":{"loc":{"start":{"line":18,"column":15},"end":{"line":20,"column":39}},"type":"cond-expr","locations":[{"start":{"line":19,"column":12},"end":{"line":19,"column":37}},{"start":{"line":20,"column":12},"end":{"line":20,"column":39}}],"line":18},"1":{"loc":{"start":{"line":22,"column":12},"end":{"line":22,"column":37}},"type":"cond-expr","locations":[{"start":{"line":22,"column":28},"end":{"line":22,"column":31}},{"start":{"line":22,"column":34},"end":{"line":22,"column":37}}],"line":22}},"s":{"0":3,"1":7,"2":7,"3":7,"4":0,"5":7,"6":0,"7":7,"8":0,"9":7,"10":3},"f":{"0":7,"1":0,"2":0,"3":0},"b":{"0":[0,0],"1":[0,0]},"_coverageSchema":"1a1c01bbd47fc00a2c39e90264f33305004495a9","hash":"3e0a3d200374ff215e0f52ad3c250c044b20ac5f"}
,"/Users/leonpa/Desktop/react-native/femsa-code-challenge/src/components/MainScreen/WelcomeMessage.jsx": {"path":"/Users/leonpa/Desktop/react-native/femsa-code-challenge/src/components/MainScreen/WelcomeMessage.jsx","statementMap":{"0":{"start":{"line":9,"column":23},"end":{"line":16,"column":1}},"1":{"start":{"line":10,"column":2},"end":{"line":15,"column":4}},"2":{"start":{"line":20,"column":22},"end":{"line":28,"column":2}}},"fnMap":{"0":{"name":"(anonymous_0)","decl":{"start":{"line":9,"column":23},"end":{"line":9,"column":24}},"loc":{"start":{"line":9,"column":41},"end":{"line":16,"column":1}},"line":9}},"branchMap":{},"s":{"0":3,"1":6,"2":3},"f":{"0":6},"b":{},"_coverageSchema":"1a1c01bbd47fc00a2c39e90264f33305004495a9","hash":"cfaad8255f9cadb81d0754cdaf8810a6b9637bfa"}
,"/Users/leonpa/Desktop/react-native/femsa-code-challenge/src/components/ui/Button.jsx": {"path":"/Users/leonpa/Desktop/react-native/femsa-code-challenge/src/components/ui/Button.jsx","statementMap":{"0":{"start":{"line":7,"column":21},"end":{"line":25,"column":1}},"1":{"start":{"line":8,"column":2},"end":{"line":24,"column":4}},"2":{"start":{"line":11,"column":32},"end":{"line":11,"column":55}},"3":{"start":{"line":29,"column":56},"end":{"line":48,"column":2}}},"fnMap":{"0":{"name":"(anonymous_0)","decl":{"start":{"line":7,"column":21},"end":{"line":7,"column":22}},"loc":{"start":{"line":7,"column":48},"end":{"line":25,"column":1}},"line":7},"1":{"name":"(anonymous_1)","decl":{"start":{"line":11,"column":15},"end":{"line":11,"column":16}},"loc":{"start":{"line":11,"column":32},"end":{"line":11,"column":55}},"line":11}},"branchMap":{"0":{"loc":{"start":{"line":11,"column":32},"end":{"line":11,"column":55}},"type":"binary-expr","locations":[{"start":{"line":11,"column":32},"end":{"line":11,"column":39}},{"start":{"line":11,"column":43},"end":{"line":11,"column":55}}],"line":11}},"s":{"0":3,"1":11,"2":11,"3":3},"f":{"0":11,"1":11},"b":{"0":[11,0]},"_coverageSchema":"1a1c01bbd47fc00a2c39e90264f33305004495a9","hash":"1ae80eec710b9c13535faec4813a89f109fd3fa4"}
,"/Users/leonpa/Desktop/react-native/femsa-code-challenge/src/components/ui/CustomFontText.jsx": {"path":"/Users/leonpa/Desktop/react-native/femsa-code-challenge/src/components/ui/CustomFontText.jsx","statementMap":{"0":{"start":{"line":4,"column":23},"end":{"line":8,"column":1}},"1":{"start":{"line":5,"column":2},"end":{"line":7,"column":9}},"2":{"start":{"line":12,"column":15},"end":{"line":19,"column":2}}},"fnMap":{"0":{"name":"(anonymous_0)","decl":{"start":{"line":4,"column":23},"end":{"line":4,"column":24}},"loc":{"start":{"line":5,"column":2},"end":{"line":7,"column":9}},"line":5}},"branchMap":{"0":{"loc":{"start":{"line":4,"column":43},"end":{"line":4,"column":62}},"type":"default-arg","locations":[{"start":{"line":4,"column":54},"end":{"line":4,"column":62}}],"line":4}},"s":{"0":4,"1":14,"2":4},"f":{"0":14},"b":{"0":[2]},"_coverageSchema":"1a1c01bbd47fc00a2c39e90264f33305004495a9","hash":"ef882c69c48b401b3a673c7cbff8d71491d345d6"}
,"/Users/leonpa/Desktop/react-native/femsa-code-challenge/src/components/ui/MessageCard.jsx": {"path":"/Users/leonpa/Desktop/react-native/femsa-code-challenge/src/components/ui/MessageCard.jsx","statementMap":{"0":{"start":{"line":7,"column":20},"end":{"line":16,"column":1}},"1":{"start":{"line":8,"column":2},"end":{"line":15,"column":9}},"2":{"start":{"line":26,"column":4},"end":{"line":79,"column":2}}},"fnMap":{"0":{"name":"(anonymous_0)","decl":{"start":{"line":7,"column":20},"end":{"line":7,"column":21}},"loc":{"start":{"line":8,"column":2},"end":{"line":15,"column":9}},"line":8}},"branchMap":{},"s":{"0":3,"1":8,"2":3},"f":{"0":8},"b":{},"_coverageSchema":"1a1c01bbd47fc00a2c39e90264f33305004495a9","hash":"b872e661f29c8bb3028cae559302ca7ec6650017"}
,"/Users/leonpa/Desktop/react-native/femsa-code-challenge/src/components/ui/OptimizedImage.jsx": {"path":"/Users/leonpa/Desktop/react-native/femsa-code-challenge/src/components/ui/OptimizedImage.jsx","statementMap":{"0":{"start":{"line":6,"column":23},"end":{"line":58,"column":1}},"1":{"start":{"line":7,"column":48},"end":{"line":7,"column":62}},"2":{"start":{"line":8,"column":38},"end":{"line":8,"column":52}},"3":{"start":{"line":10,"column":19},"end":{"line":13,"column":3}},"4":{"start":{"line":11,"column":30},"end":{"line":11,"column":54}},"5":{"start":{"line":12,"column":4},"end":{"line":12,"column":37}},"6":{"start":{"line":15,"column":2},"end":{"line":42,"column":54}},"7":{"start":{"line":16,"column":26},"end":{"line":37,"column":5}},"8":{"start":{"line":17,"column":6},"end":{"line":17,"column":30}},"9":{"start":{"line":17,"column":23},"end":{"line":17,"column":30}},"10":{"start":{"line":19,"column":26},"end":{"line":21,"column":33}},"11":{"start":{"line":23,"column":27},"end":{"line":25,"column":34}},"12":{"start":{"line":27,"column":6},"end":{"line":36,"column":7}},"13":{"start":{"line":28,"column":23},"end":{"line":32,"column":9}},"14":{"start":{"line":33,"column":8},"end":{"line":33,"column":48}},"15":{"start":{"line":35,"column":8},"end":{"line":35,"column":56}},"16":{"start":{"line":39,"column":4},"end":{"line":41,"column":5}},"17":{"start":{"line":40,"column":6},"end":{"line":40,"column":22}},"18":{"start":{"line":44,"column":2},"end":{"line":57,"column":4}},"19":{"start":{"line":60,"column":21},"end":{"line":63,"column":2}}},"fnMap":{"0":{"name":"(anonymous_0)","decl":{"start":{"line":6,"column":23},"end":{"line":6,"column":24}},"loc":{"start":{"line":6,"column":56},"end":{"line":58,"column":1}},"line":6},"1":{"name":"(anonymous_1)","decl":{"start":{"line":10,"column":19},"end":{"line":10,"column":20}},"loc":{"start":{"line":10,"column":30},"end":{"line":13,"column":3}},"line":10},"2":{"name":"(anonymous_2)","decl":{"start":{"line":15,"column":12},"end":{"line":15,"column":13}},"loc":{"start":{"line":15,"column":18},"end":{"line":42,"column":3}},"line":15},"3":{"name":"(anonymous_3)","decl":{"start":{"line":16,"column":26},"end":{"line":16,"column":27}},"loc":{"start":{"line":16,"column":38},"end":{"line":37,"column":5}},"line":16}},"branchMap":{"0":{"loc":{"start":{"line":17,"column":6},"end":{"line":17,"column":30}},"type":"if","locations":[{"start":{"line":17,"column":6},"end":{"line":17,"column":30}},{"start":{},"end":{}}],"line":17},"1":{"loc":{"start":{"line":19,"column":26},"end":{"line":21,"column":33}},"type":"cond-expr","locations":[{"start":{"line":20,"column":10},"end":{"line":20,"column":60}},{"start":{"line":21,"column":10},"end":{"line":21,"column":33}}],"line":19},"2":{"loc":{"start":{"line":23,"column":27},"end":{"line":25,"column":34}},"type":"cond-expr","locations":[{"start":{"line":24,"column":10},"end":{"line":24,"column":62}},{"start":{"line":25,"column":10},"end":{"line":25,"column":34}}],"line":23},"3":{"loc":{"start":{"line":39,"column":4},"end":{"line":41,"column":5}},"type":"if","locations":[{"start":{"line":39,"column":4},"end":{"line":41,"column":5}},{"start":{},"end":{}}],"line":39},"4":{"loc":{"start":{"line":39,"column":8},"end":{"line":39,"column":32}},"type":"binary-expr","locations":[{"start":{"line":39,"column":8},"end":{"line":39,"column":18}},{"start":{"line":39,"column":22},"end":{"line":39,"column":32}}],"line":39},"5":{"loc":{"start":{"line":53,"column":16},"end":{"line":53,"column":41}},"type":"binary-expr","locations":[{"start":{"line":53,"column":16},"end":{"line":53,"column":31}},{"start":{"line":53,"column":35},"end":{"line":53,"column":41}}],"line":53}},"s":{"0":2,"1":2,"2":2,"3":2,"4":0,"5":0,"6":2,"7":2,"8":0,"9":0,"10":0,"11":0,"12":0,"13":0,"14":0,"15":0,"16":2,"17":0,"18":2,"19":2},"f":{"0":2,"1":0,"2":2,"3":0},"b":{"0":[0,0],"1":[0,0],"2":[0,0],"3":[0,2],"4":[2,2],"5":[2,2]},"_coverageSchema":"1a1c01bbd47fc00a2c39e90264f33305004495a9","hash":"ab22b5ce352010e1a0f5dc3725d1d341c765fe22"}
,"/Users/leonpa/Desktop/react-native/femsa-code-challenge/src/context/ProductsContext.jsx": {"path":"/Users/leonpa/Desktop/react-native/femsa-code-challenge/src/context/ProductsContext.jsx","statementMap":{"0":{"start":{"line":5,"column":31},"end":{"line":9,"column":2}},"1":{"start":{"line":11,"column":32},"end":{"line":40,"column":1}},"2":{"start":{"line":12,"column":66},"end":{"line":15,"column":4}},"3":{"start":{"line":17,"column":22},"end":{"line":31,"column":3}},"4":{"start":{"line":18,"column":4},"end":{"line":30,"column":5}},"5":{"start":{"line":19,"column":23},"end":{"line":19,"column":47}},"6":{"start":{"line":20,"column":6},"end":{"line":26,"column":9}},"7":{"start":{"line":21,"column":58},"end":{"line":24,"column":9}},"8":{"start":{"line":28,"column":6},"end":{"line":28,"column":71}},"9":{"start":{"line":29,"column":6},"end":{"line":29,"column":70}},"10":{"start":{"line":33,"column":2},"end":{"line":39,"column":4}}},"fnMap":{"0":{"name":"(anonymous_0)","decl":{"start":{"line":8,"column":15},"end":{"line":8,"column":16}},"loc":{"start":{"line":8,"column":27},"end":{"line":8,"column":29}},"line":8},"1":{"name":"(anonymous_1)","decl":{"start":{"line":11,"column":32},"end":{"line":11,"column":33}},"loc":{"start":{"line":11,"column":50},"end":{"line":40,"column":1}},"line":11},"2":{"name":"(anonymous_2)","decl":{"start":{"line":17,"column":22},"end":{"line":17,"column":23}},"loc":{"start":{"line":17,"column":34},"end":{"line":31,"column":3}},"line":17},"3":{"name":"(anonymous_3)","decl":{"start":{"line":21,"column":36},"end":{"line":21,"column":37}},"loc":{"start":{"line":21,"column":58},"end":{"line":24,"column":9}},"line":21}},"branchMap":{},"s":{"0":3,"1":3,"2":5,"3":5,"4":2,"5":2,"6":1,"7":2,"8":1,"9":1,"10":5},"f":{"0":1,"1":5,"2":2,"3":2},"b":{},"_coverageSchema":"1a1c01bbd47fc00a2c39e90264f33305004495a9","hash":"5540442ab8f7cfdaa3c4addd19ed183fa78ad8a1"}
,"/Users/leonpa/Desktop/react-native/femsa-code-challenge/src/hooks/useDate.js": {"path":"/Users/leonpa/Desktop/react-native/femsa-code-challenge/src/hooks/useDate.js","statementMap":{"0":{"start":{"line":3,"column":16},"end":{"line":25,"column":1}},"1":{"start":{"line":4,"column":17},"end":{"line":17,"column":3}},"2":{"start":{"line":19,"column":2},"end":{"line":24,"column":9}},"3":{"start":{"line":20,"column":18},"end":{"line":20,"column":32}},"4":{"start":{"line":21,"column":4},"end":{"line":23,"column":34}}},"fnMap":{"0":{"name":"(anonymous_0)","decl":{"start":{"line":3,"column":16},"end":{"line":3,"column":17}},"loc":{"start":{"line":3,"column":22},"end":{"line":25,"column":1}},"line":3},"1":{"name":"(anonymous_1)","decl":{"start":{"line":19,"column":21},"end":{"line":19,"column":22}},"loc":{"start":{"line":19,"column":31},"end":{"line":24,"column":3}},"line":19}},"branchMap":{},"s":{"0":4,"1":8,"2":8,"3":1,"4":1},"f":{"0":8,"1":1},"b":{},"_coverageSchema":"1a1c01bbd47fc00a2c39e90264f33305004495a9","hash":"4ae0ac1a0ff4c176b00a0e4ef53549a5cd4e87e0"}
,"/Users/leonpa/Desktop/react-native/femsa-code-challenge/src/navigation/MainNavigation.jsx": {"path":"/Users/leonpa/Desktop/react-native/femsa-code-challenge/src/navigation/MainNavigation.jsx","statementMap":{"0":{"start":{"line":9,"column":30},"end":{"line":9,"column":58}},"1":{"start":{"line":11,"column":23},"end":{"line":41,"column":1}},"2":{"start":{"line":12,"column":2},"end":{"line":40,"column":4}},"3":{"start":{"line":26,"column":35},"end":{"line":34,"column":11}}},"fnMap":{"0":{"name":"(anonymous_0)","decl":{"start":{"line":11,"column":23},"end":{"line":11,"column":24}},"loc":{"start":{"line":11,"column":40},"end":{"line":41,"column":1}},"line":11},"1":{"name":"(anonymous_1)","decl":{"start":{"line":26,"column":19},"end":{"line":26,"column":20}},"loc":{"start":{"line":26,"column":35},"end":{"line":34,"column":11}},"line":26}},"branchMap":{},"s":{"0":1,"1":1,"2":1,"3":0},"f":{"0":1,"1":0},"b":{},"_coverageSchema":"1a1c01bbd47fc00a2c39e90264f33305004495a9","hash":"743a2269d7c53f2f3dd99fe15ead6af88eb63342"}
,"/Users/leonpa/Desktop/react-native/femsa-code-challenge/src/screens/HomeScreen.jsx": {"path":"/Users/leonpa/Desktop/react-native/femsa-code-challenge/src/screens/HomeScreen.jsx","statementMap":{"0":{"start":{"line":19,"column":24},"end":{"line":23,"column":2}},"1":{"start":{"line":25,"column":19},"end":{"line":116,"column":1}},"2":{"start":{"line":27,"column":4},"end":{"line":27,"column":31}},"3":{"start":{"line":29,"column":2},"end":{"line":32,"column":9}},"4":{"start":{"line":30,"column":4},"end":{"line":30,"column":32}},"5":{"start":{"line":30,"column":25},"end":{"line":30,"column":32}},"6":{"start":{"line":31,"column":4},"end":{"line":31,"column":18}},"7":{"start":{"line":34,"column":22},"end":{"line":44,"column":3}},"8":{"start":{"line":36,"column":6},"end":{"line":42,"column":11}},"9":{"start":{"line":37,"column":8},"end":{"line":41,"column":9}},"10":{"start":{"line":38,"column":10},"end":{"line":38,"column":36}},"11":{"start":{"line":40,"column":10},"end":{"line":40,"column":36}},"12":{"start":{"line":46,"column":25},"end":{"line":48,"column":3}},"13":{"start":{"line":47,"column":4},"end":{"line":47,"column":45}},"14":{"start":{"line":50,"column":43},"end":{"line":60,"column":46}},"15":{"start":{"line":51,"column":4},"end":{"line":59,"column":5}},"16":{"start":{"line":53,"column":8},"end":{"line":53,"column":67}},"17":{"start":{"line":53,"column":44},"end":{"line":53,"column":65}},"18":{"start":{"line":55,"column":8},"end":{"line":55,"column":68}},"19":{"start":{"line":55,"column":44},"end":{"line":55,"column":66}},"20":{"start":{"line":58,"column":8},"end":{"line":58,"column":24}},"21":{"start":{"line":62,"column":30},"end":{"line":68,"column":3}},"22":{"start":{"line":64,"column":6},"end":{"line":66,"column":7}},"23":{"start":{"line":70,"column":2},"end":{"line":78,"column":3}},"24":{"start":{"line":71,"column":4},"end":{"line":77,"column":6}},"25":{"start":{"line":80,"column":2},"end":{"line":115,"column":4}},"26":{"start":{"line":97,"column":35},"end":{"line":97,"column":70}},"27":{"start":{"line":103,"column":31},"end":{"line":103,"column":74}},"28":{"start":{"line":107,"column":37},"end":{"line":107,"column":77}},"29":{"start":{"line":126,"column":4},"end":{"line":156,"column":2}}},"fnMap":{"0":{"name":"(anonymous_0)","decl":{"start":{"line":25,"column":19},"end":{"line":25,"column":20}},"loc":{"start":{"line":25,"column":46},"end":{"line":116,"column":1}},"line":25},"1":{"name":"(anonymous_1)","decl":{"start":{"line":29,"column":12},"end":{"line":29,"column":13}},"loc":{"start":{"line":29,"column":18},"end":{"line":32,"column":3}},"line":29},"2":{"name":"(anonymous_2)","decl":{"start":{"line":35,"column":4},"end":{"line":35,"column":5}},"loc":{"start":{"line":36,"column":6},"end":{"line":42,"column":11}},"line":36},"3":{"name":"(anonymous_3)","decl":{"start":{"line":36,"column":22},"end":{"line":36,"column":23}},"loc":{"start":{"line":36,"column":38},"end":{"line":42,"column":7}},"line":36},"4":{"name":"(anonymous_4)","decl":{"start":{"line":46,"column":25},"end":{"line":46,"column":26}},"loc":{"start":{"line":46,"column":45},"end":{"line":48,"column":3}},"line":46},"5":{"name":"(anonymous_5)","decl":{"start":{"line":50,"column":51},"end":{"line":50,"column":52}},"loc":{"start":{"line":50,"column":57},"end":{"line":60,"column":3}},"line":50},"6":{"name":"(anonymous_6)","decl":{"start":{"line":53,"column":31},"end":{"line":53,"column":32}},"loc":{"start":{"line":53,"column":44},"end":{"line":53,"column":65}},"line":53},"7":{"name":"(anonymous_7)","decl":{"start":{"line":55,"column":31},"end":{"line":55,"column":32}},"loc":{"start":{"line":55,"column":44},"end":{"line":55,"column":66}},"line":55},"8":{"name":"(anonymous_8)","decl":{"start":{"line":63,"column":4},"end":{"line":63,"column":5}},"loc":{"start":{"line":64,"column":6},"end":{"line":66,"column":7}},"line":64},"9":{"name":"(anonymous_9)","decl":{"start":{"line":97,"column":29},"end":{"line":97,"column":30}},"loc":{"start":{"line":97,"column":35},"end":{"line":97,"column":70}},"line":97},"10":{"name":"(anonymous_10)","decl":{"start":{"line":103,"column":25},"end":{"line":103,"column":26}},"loc":{"start":{"line":103,"column":31},"end":{"line":103,"column":74}},"line":103},"11":{"name":"(anonymous_11)","decl":{"start":{"line":107,"column":31},"end":{"line":107,"column":32}},"loc":{"start":{"line":107,"column":37},"end":{"line":107,"column":77}},"line":107}},"branchMap":{"0":{"loc":{"start":{"line":30,"column":4},"end":{"line":30,"column":32}},"type":"if","locations":[{"start":{"line":30,"column":4},"end":{"line":30,"column":32}},{"start":{},"end":{}}],"line":30},"1":{"loc":{"start":{"line":37,"column":8},"end":{"line":41,"column":9}},"type":"if","locations":[{"start":{"line":37,"column":8},"end":{"line":41,"column":9}},{"start":{"line":39,"column":15},"end":{"line":41,"column":9}}],"line":37},"2":{"loc":{"start":{"line":51,"column":4},"end":{"line":59,"column":5}},"type":"switch","locations":[{"start":{"line":52,"column":6},"end":{"line":53,"column":67}},{"start":{"line":54,"column":6},"end":{"line":55,"column":68}},{"start":{"line":56,"column":6},"end":{"line":56,"column":31}},{"start":{"line":57,"column":6},"end":{"line":58,"column":24}}],"line":51},"3":{"loc":{"start":{"line":70,"column":2},"end":{"line":78,"column":3}},"type":"if","locations":[{"start":{"line":70,"column":2},"end":{"line":78,"column":3}},{"start":{},"end":{}}],"line":70},"4":{"loc":{"start":{"line":96,"column":11},"end":{"line":111,"column":11}},"type":"cond-expr","locations":[{"start":{"line":97,"column":12},"end":{"line":99,"column":21}},{"start":{"line":101,"column":12},"end":{"line":110,"column":15}}],"line":96},"5":{"loc":{"start":{"line":129,"column":16},"end":{"line":129,"column":71}},"type":"cond-expr","locations":[{"start":{"line":129,"column":44},"end":{"line":129,"column":67}},{"start":{"line":129,"column":70},"end":{"line":129,"column":71}}],"line":129}},"s":{"0":2,"1":2,"2":5,"3":5,"4":5,"5":4,"6":1,"7":5,"8":5,"9":10,"10":2,"11":8,"12":5,"13":2,"14":5,"15":5,"16":1,"17":3,"18":0,"19":0,"20":4,"21":5,"22":5,"23":5,"24":0,"25":5,"26":0,"27":1,"28":1,"29":2},"f":{"0":5,"1":5,"2":5,"3":10,"4":2,"5":5,"6":3,"7":0,"8":5,"9":0,"10":1,"11":1},"b":{"0":[4,1],"1":[2,8],"2":[1,0,0,4],"3":[0,5],"4":[1,4],"5":[0,2]},"_coverageSchema":"1a1c01bbd47fc00a2c39e90264f33305004495a9","hash":"bcae8a7a02471ac4460c966b0c7d37bece4e072d"}
,"/Users/leonpa/Desktop/react-native/femsa-code-challenge/src/screens/ProductDetails.jsx": {"path":"/Users/leonpa/Desktop/react-native/femsa-code-challenge/src/screens/ProductDetails.jsx","statementMap":{"0":{"start":{"line":9,"column":23},"end":{"line":49,"column":1}},"1":{"start":{"line":10,"column":54},"end":{"line":10,"column":66}},"2":{"start":{"line":12,"column":2},"end":{"line":48,"column":4}},"3":{"start":{"line":45,"column":31},"end":{"line":45,"column":50}},"4":{"start":{"line":64,"column":4},"end":{"line":137,"column":2}}},"fnMap":{"0":{"name":"(anonymous_0)","decl":{"start":{"line":9,"column":23},"end":{"line":9,"column":24}},"loc":{"start":{"line":9,"column":50},"end":{"line":49,"column":1}},"line":9},"1":{"name":"(anonymous_1)","decl":{"start":{"line":45,"column":25},"end":{"line":45,"column":26}},"loc":{"start":{"line":45,"column":31},"end":{"line":45,"column":50}},"line":45}},"branchMap":{"0":{"loc":{"start":{"line":37,"column":29},"end":{"line":37,"column":68}},"type":"cond-expr","locations":[{"start":{"line":37,"column":45},"end":{"line":37,"column":53}},{"start":{"line":37,"column":56},"end":{"line":37,"column":68}}],"line":37}},"s":{"0":2,"1":2,"2":2,"3":1,"4":2},"f":{"0":2,"1":1},"b":{"0":[0,2]},"_coverageSchema":"1a1c01bbd47fc00a2c39e90264f33305004495a9","hash":"0a8d291725a0e47ab638def6014c8b89e5e2ccf6"}
,"/Users/leonpa/Desktop/react-native/femsa-code-challenge/src/utils/constants/breakpoints.js": {"path":"/Users/leonpa/Desktop/react-native/femsa-code-challenge/src/utils/constants/breakpoints.js","statementMap":{"0":{"start":{"line":1,"column":32},"end":{"line":10,"column":2}},"1":{"start":{"line":12,"column":27},"end":{"line":18,"column":2}}},"fnMap":{},"branchMap":{},"s":{"0":9,"1":9},"f":{},"b":{},"_coverageSchema":"1a1c01bbd47fc00a2c39e90264f33305004495a9","hash":"32fed662a056813e5ec578f165630304d28a7dd5"}
,"/Users/leonpa/Desktop/react-native/femsa-code-challenge/src/utils/constants/colors.js": {"path":"/Users/leonpa/Desktop/react-native/femsa-code-challenge/src/utils/constants/colors.js","statementMap":{"0":{"start":{"line":3,"column":28},"end":{"line":18,"column":2}},"1":{"start":{"line":20,"column":32},"end":{"line":29,"column":2}}},"fnMap":{},"branchMap":{},"s":{"0":5,"1":5},"f":{},"b":{},"_coverageSchema":"1a1c01bbd47fc00a2c39e90264f33305004495a9","hash":"b69382cb0a052f6d00dea1a67b5194b9933ef2a2"}
,"/Users/leonpa/Desktop/react-native/femsa-code-challenge/src/utils/constants/fonts.js": {"path":"/Users/leonpa/Desktop/react-native/femsa-code-challenge/src/utils/constants/fonts.js","statementMap":{"0":{"start":{"line":4,"column":25},"end":{"line":7,"column":2}},"1":{"start":{"line":9,"column":32},"end":{"line":20,"column":2}},"2":{"start":{"line":22,"column":34},"end":{"line":32,"column":2}}},"fnMap":{},"branchMap":{},"s":{"0":8,"1":8,"2":8},"f":{},"b":{},"_coverageSchema":"1a1c01bbd47fc00a2c39e90264f33305004495a9","hash":"cf3662f493bba6501836bbbd2d507f432c97e6f5"}
,"/Users/leonpa/Desktop/react-native/femsa-code-challenge/src/utils/constants/routes.js": {"path":"/Users/leonpa/Desktop/react-native/femsa-code-challenge/src/utils/constants/routes.js","statementMap":{"0":{"start":{"line":1,"column":26},"end":{"line":4,"column":2}}},"fnMap":{},"branchMap":{},"s":{"0":3},"f":{},"b":{},"_coverageSchema":"1a1c01bbd47fc00a2c39e90264f33305004495a9","hash":"333addfaead1165a70be874c977624b3d7e96030"}
,"/Users/leonpa/Desktop/react-native/femsa-code-challenge/src/utils/helpers/styleHelpers.js": {"path":"/Users/leonpa/Desktop/react-native/femsa-code-challenge/src/utils/helpers/styleHelpers.js","statementMap":{"0":{"start":{"line":4,"column":25},"end":{"line":6,"column":1}},"1":{"start":{"line":5,"column":2},"end":{"line":5,"column":46}},"2":{"start":{"line":8,"column":34},"end":{"line":55,"column":1}},"3":{"start":{"line":9,"column":16},"end":{"line":9,"column":56}},"4":{"start":{"line":11,"column":2},"end":{"line":52,"column":3}},"5":{"start":{"line":12,"column":4},"end":{"line":12,"column":33}},"6":{"start":{"line":13,"column":9},"end":{"line":52,"column":3}},"7":{"start":{"line":20,"column":4},"end":{"line":20,"column":58}},"8":{"start":{"line":21,"column":9},"end":{"line":52,"column":3}},"9":{"start":{"line":28,"column":4},"end":{"line":30,"column":6}},"10":{"start":{"line":31,"column":9},"end":{"line":52,"column":3}},"11":{"start":{"line":38,"column":4},"end":{"line":43,"column":6}},"12":{"start":{"line":44,"column":9},"end":{"line":52,"column":3}},"13":{"start":{"line":45,"column":4},"end":{"line":51,"column":6}},"14":{"start":{"line":54,"column":2},"end":{"line":54,"column":31}}},"fnMap":{"0":{"name":"(anonymous_0)","decl":{"start":{"line":4,"column":25},"end":{"line":4,"column":26}},"loc":{"start":{"line":4,"column":56},"end":{"line":6,"column":1}},"line":4},"1":{"name":"(anonymous_1)","decl":{"start":{"line":8,"column":34},"end":{"line":8,"column":35}},"loc":{"start":{"line":8,"column":61},"end":{"line":55,"column":1}},"line":8}},"branchMap":{"0":{"loc":{"start":{"line":5,"column":9},"end":{"line":5,"column":45}},"type":"binary-expr","locations":[{"start":{"line":5,"column":9},"end":{"line":5,"column":25}},{"start":{"line":5,"column":29},"end":{"line":5,"column":45}}],"line":5},"1":{"loc":{"start":{"line":11,"column":2},"end":{"line":52,"column":3}},"type":"if","locations":[{"start":{"line":11,"column":2},"end":{"line":52,"column":3}},{"start":{"line":13,"column":9},"end":{"line":52,"column":3}}],"line":11},"2":{"loc":{"start":{"line":13,"column":9},"end":{"line":52,"column":3}},"type":"if","locations":[{"start":{"line":13,"column":9},"end":{"line":52,"column":3}},{"start":{"line":21,"column":9},"end":{"line":52,"column":3}}],"line":13},"3":{"loc":{"start":{"line":20,"column":11},"end":{"line":20,"column":57}},"type":"binary-expr","locations":[{"start":{"line":20,"column":11},"end":{"line":20,"column":32}},{"start":{"line":20,"column":36},"end":{"line":20,"column":57}}],"line":20},"4":{"loc":{"start":{"line":21,"column":9},"end":{"line":52,"column":3}},"type":"if","locations":[{"start":{"line":21,"column":9},"end":{"line":52,"column":3}},{"start":{"line":31,"column":9},"end":{"line":52,"column":3}}],"line":21},"5":{"loc":{"start":{"line":29,"column":6},"end":{"line":29,"column":77}},"type":"binary-expr","locations":[{"start":{"line":29,"column":6},"end":{"line":29,"column":27}},{"start":{"line":29,"column":31},"end":{"line":29,"column":52}},{"start":{"line":29,"column":56},"end":{"line":29,"column":77}}],"line":29},"6":{"loc":{"start":{"line":31,"column":9},"end":{"line":52,"column":3}},"type":"if","locations":[{"start":{"line":31,"column":9},"end":{"line":52,"column":3}},{"start":{"line":44,"column":9},"end":{"line":52,"column":3}}],"line":31},"7":{"loc":{"start":{"line":39,"column":6},"end":{"line":42,"column":27}},"type":"binary-expr","locations":[{"start":{"line":39,"column":6},"end":{"line":39,"column":27}},{"start":{"line":40,"column":6},"end":{"line":40,"column":27}},{"start":{"line":41,"column":6},"end":{"line":41,"column":27}},{"start":{"line":42,"column":6},"end":{"line":42,"column":27}}],"line":39},"8":{"loc":{"start":{"line":44,"column":9},"end":{"line":52,"column":3}},"type":"if","locations":[{"start":{"line":44,"column":9},"end":{"line":52,"column":3}},{"start":{},"end":{}}],"line":44},"9":{"loc":{"start":{"line":46,"column":6},"end":{"line":50,"column":27}},"type":"binary-expr","locations":[{"start":{"line":46,"column":6},"end":{"line":46,"column":27}},{"start":{"line":47,"column":6},"end":{"line":47,"column":27}},{"start":{"line":48,"column":6},"end":{"line":48,"column":27}},{"start":{"line":49,"column":6},"end":{"line":49,"column":27}},{"start":{"line":50,"column":6},"end":{"line":50,"column":27}}],"line":46}},"s":{"0":9,"1":279,"2":9,"3":93,"4":93,"5":1,"6":92,"7":1,"8":91,"9":0,"10":91,"11":0,"12":91,"13":91,"14":0},"f":{"0":279,"1":93},"b":{"0":[279,278],"1":[1,92],"2":[1,91],"3":[1,1],"4":[0,91],"5":[0,0,0],"6":[0,91],"7":[0,0,0,0],"8":[91,0],"9":[91,26,0,0,0]},"_coverageSchema":"1a1c01bbd47fc00a2c39e90264f33305004495a9","hash":"481bb5bd262837a40ba6b2bd2323472233f8c2ee"}
}
