{"/Users/leonpa/Desktop/react-native/femsa-code-challenge/App.js": {"path":"/Users/leonpa/Desktop/react-native/femsa-code-challenge/App.js","statementMap":{"0":{"start":{"line":10,"column":24},"end":{"line":13,"column":4}},"1":{"start":{"line":15,"column":27},"end":{"line":19,"column":19}},"2":{"start":{"line":16,"column":4},"end":{"line":18,"column":5}},"3":{"start":{"line":17,"column":6},"end":{"line":17,"column":37}},"4":{"start":{"line":21,"column":2},"end":{"line":23,"column":3}},"5":{"start":{"line":22,"column":4},"end":{"line":22,"column":16}},"6":{"start":{"line":25,"column":2},"end":{"line":30,"column":4}}},"fnMap":{"0":{"name":"App","decl":{"start":{"line":9,"column":24},"end":{"line":9,"column":27}},"loc":{"start":{"line":9,"column":30},"end":{"line":31,"column":1}},"line":9},"1":{"name":"(anonymous_1)","decl":{"start":{"line":15,"column":39},"end":{"line":15,"column":40}},"loc":{"start":{"line":15,"column":51},"end":{"line":19,"column":3}},"line":15}},"branchMap":{"0":{"loc":{"start":{"line":16,"column":4},"end":{"line":18,"column":5}},"type":"if","locations":[{"start":{"line":16,"column":4},"end":{"line":18,"column":5}},{"start":{},"end":{}}],"line":16},"1":{"loc":{"start":{"line":21,"column":2},"end":{"line":23,"column":3}},"type":"if","locations":[{"start":{"line":21,"column":2},"end":{"line":23,"column":3}},{"start":{},"end":{}}],"line":21}},"s":{"0":0,"1":0,"2":0,"3":0,"4":0,"5":0,"6":0},"f":{"0":0,"1":0},"b":{"0":[0,0],"1":[0,0]}}
,"/Users/leonpa/Desktop/react-native/femsa-code-challenge/react-native.config.js": {"path":"/Users/leonpa/Desktop/react-native/femsa-code-challenge/react-native.config.js","statementMap":{"0":{"start":{"line":1,"column":0},"end":{"line":7,"column":2}}},"fnMap":{},"branchMap":{},"s":{"0":0},"f":{},"b":{}}
,"/Users/leonpa/Desktop/react-native/femsa-code-challenge/src/api/endpoints.js": {"path":"/Users/leonpa/Desktop/react-native/femsa-code-challenge/src/api/endpoints.js","statementMap":{"0":{"start":{"line":3,"column":32},"end":{"line":3,"column":60}},"1":{"start":{"line":3,"column":38},"end":{"line":3,"column":60}}},"fnMap":{"0":{"name":"(anonymous_0)","decl":{"start":{"line":3,"column":32},"end":{"line":3,"column":33}},"loc":{"start":{"line":3,"column":38},"end":{"line":3,"column":60}},"line":3}},"branchMap":{},"s":{"0":2,"1":0},"f":{"0":0},"b":{},"_coverageSchema":"1a1c01bbd47fc00a2c39e90264f33305004495a9","hash":"74e138a32a45fc6939f6857be0444773cd6abd9f"}
,"/Users/leonpa/Desktop/react-native/femsa-code-challenge/src/components/MainScreen/PointScore.jsx": {"path":"/Users/leonpa/Desktop/react-native/femsa-code-challenge/src/components/MainScreen/PointScore.jsx","statementMap":{"0":{"start":{"line":5,"column":19},"end":{"line":18,"column":1}},"1":{"start":{"line":6,"column":2},"end":{"line":17,"column":4}},"2":{"start":{"line":23,"column":2},"end":{"line":60,"column":4}}},"fnMap":{"0":{"name":"(anonymous_0)","decl":{"start":{"line":5,"column":19},"end":{"line":5,"column":20}},"loc":{"start":{"line":5,"column":45},"end":{"line":18,"column":1}},"line":5}},"branchMap":{},"s":{"0":2,"1":5,"2":2},"f":{"0":5},"b":{},"_coverageSchema":"1a1c01bbd47fc00a2c39e90264f33305004495a9","hash":"eccb448b47b46913e742ba6ba33276c4604b7cfd"}
,"/Users/leonpa/Desktop/react-native/femsa-code-challenge/src/components/MainScreen/ProductItem.jsx": {"path":"/Users/leonpa/Desktop/react-native/femsa-code-challenge/src/components/MainScreen/ProductItem.jsx","statementMap":{"0":{"start":{"line":11,"column":20},"end":{"line":67,"column":1}},"1":{"start":{"line":12,"column":24},"end":{"line":12,"column":42}},"2":{"start":{"line":13,"column":23},"end":{"line":13,"column":38}},"3":{"start":{"line":15,"column":35},"end":{"line":25,"column":3}},"4":{"start":{"line":16,"column":11},"end":{"line":23,"column":5}},"5":{"start":{"line":27,"column":18},"end":{"line":29,"column":3}},"6":{"start":{"line":28,"column":4},"end":{"line":28,"column":80}},"7":{"start":{"line":31,"column":2},"end":{"line":66,"column":4}},"8":{"start":{"line":35,"column":30},"end":{"line":35,"column":53}},"9":{"start":{"line":81,"column":4},"end":{"line":118,"column":2}}},"fnMap":{"0":{"name":"(anonymous_0)","decl":{"start":{"line":11,"column":20},"end":{"line":11,"column":21}},"loc":{"start":{"line":11,"column":78},"end":{"line":67,"column":1}},"line":11},"1":{"name":"(anonymous_1)","decl":{"start":{"line":16,"column":4},"end":{"line":16,"column":5}},"loc":{"start":{"line":16,"column":11},"end":{"line":23,"column":5}},"line":16},"2":{"name":"(anonymous_2)","decl":{"start":{"line":27,"column":18},"end":{"line":27,"column":19}},"loc":{"start":{"line":27,"column":24},"end":{"line":29,"column":3}},"line":27},"3":{"name":"(anonymous_3)","decl":{"start":{"line":35,"column":13},"end":{"line":35,"column":14}},"loc":{"start":{"line":35,"column":30},"end":{"line":35,"column":53}},"line":35}},"branchMap":{"0":{"loc":{"start":{"line":18,"column":15},"end":{"line":20,"column":39}},"type":"cond-expr","locations":[{"start":{"line":19,"column":12},"end":{"line":19,"column":37}},{"start":{"line":20,"column":12},"end":{"line":20,"column":39}}],"line":18},"1":{"loc":{"start":{"line":22,"column":12},"end":{"line":22,"column":37}},"type":"cond-expr","locations":[{"start":{"line":22,"column":28},"end":{"line":22,"column":31}},{"start":{"line":22,"column":34},"end":{"line":22,"column":37}}],"line":22},"2":{"loc":{"start":{"line":35,"column":30},"end":{"line":35,"column":53}},"type":"binary-expr","locations":[{"start":{"line":35,"column":30},"end":{"line":35,"column":37}},{"start":{"line":35,"column":41},"end":{"line":35,"column":53}}],"line":35}},"s":{"0":3,"1":11,"2":11,"3":11,"4":11,"5":11,"6":1,"7":11,"8":11,"9":3},"f":{"0":11,"1":11,"2":1,"3":11},"b":{"0":[3,8],"1":[3,8],"2":[11,0]},"_coverageSchema":"1a1c01bbd47fc00a2c39e90264f33305004495a9","hash":"c13a76b9643203bdd9a647be0e8b0772c89acfca"}
,"/Users/leonpa/Desktop/react-native/femsa-code-challenge/src/components/MainScreen/ProductList.jsx": {"path":"/Users/leonpa/Desktop/react-native/femsa-code-challenge/src/components/MainScreen/ProductList.jsx","statementMap":{"0":{"start":{"line":6,"column":20},"end":{"line":15,"column":1}},"1":{"start":{"line":7,"column":2},"end":{"line":14,"column":4}},"2":{"start":{"line":11,"column":32},"end":{"line":11,"column":57}},"3":{"start":{"line":12,"column":30},"end":{"line":12,"column":37}},"4":{"start":{"line":19,"column":22},"end":{"line":27,"column":2}}},"fnMap":{"0":{"name":"(anonymous_0)","decl":{"start":{"line":6,"column":20},"end":{"line":6,"column":21}},"loc":{"start":{"line":6,"column":38},"end":{"line":15,"column":1}},"line":6},"1":{"name":"(anonymous_1)","decl":{"start":{"line":11,"column":18},"end":{"line":11,"column":19}},"loc":{"start":{"line":11,"column":32},"end":{"line":11,"column":57}},"line":11},"2":{"name":"(anonymous_2)","decl":{"start":{"line":12,"column":20},"end":{"line":12,"column":21}},"loc":{"start":{"line":12,"column":30},"end":{"line":12,"column":37}},"line":12}},"branchMap":{},"s":{"0":2,"1":5,"2":8,"3":8,"4":2},"f":{"0":5,"1":8,"2":8},"b":{},"_coverageSchema":"1a1c01bbd47fc00a2c39e90264f33305004495a9","hash":"cbc3ef5146854c56902340e5ce3d2430817cb0f0"}
,"/Users/leonpa/Desktop/react-native/femsa-code-challenge/src/components/MainScreen/WelcomeMessage.jsx": {"path":"/Users/leonpa/Desktop/react-native/femsa-code-challenge/src/components/MainScreen/WelcomeMessage.jsx","statementMap":{"0":{"start":{"line":5,"column":23},"end":{"line":12,"column":1}},"1":{"start":{"line":6,"column":2},"end":{"line":11,"column":4}},"2":{"start":{"line":16,"column":42},"end":{"line":29,"column":2}}},"fnMap":{"0":{"name":"(anonymous_0)","decl":{"start":{"line":5,"column":23},"end":{"line":5,"column":24}},"loc":{"start":{"line":5,"column":41},"end":{"line":12,"column":1}},"line":5}},"branchMap":{},"s":{"0":3,"1":6,"2":3},"f":{"0":6},"b":{},"_coverageSchema":"1a1c01bbd47fc00a2c39e90264f33305004495a9","hash":"b4ea8611ba0e64dc5114f3983930009b2afb9ad6"}
,"/Users/leonpa/Desktop/react-native/femsa-code-challenge/src/components/ui/AvenirBoldText.jsx": {"path":"/Users/leonpa/Desktop/react-native/femsa-code-challenge/src/components/ui/AvenirBoldText.jsx","statementMap":{"0":{"start":{"line":4,"column":23},"end":{"line":8,"column":1}},"1":{"start":{"line":5,"column":2},"end":{"line":7,"column":9}},"2":{"start":{"line":12,"column":22},"end":{"line":16,"column":2}}},"fnMap":{"0":{"name":"(anonymous_0)","decl":{"start":{"line":4,"column":23},"end":{"line":4,"column":24}},"loc":{"start":{"line":5,"column":2},"end":{"line":7,"column":9}},"line":5}},"branchMap":{},"s":{"0":4,"1":68,"2":4},"f":{"0":68},"b":{},"_coverageSchema":"1a1c01bbd47fc00a2c39e90264f33305004495a9","hash":"8897d99d95a2e9d72ccfffaf94dbda9c5e79bde7"}
,"/Users/leonpa/Desktop/react-native/femsa-code-challenge/src/components/ui/AvenirText.jsx": {"path":"/Users/leonpa/Desktop/react-native/femsa-code-challenge/src/components/ui/AvenirText.jsx","statementMap":{"0":{"start":{"line":4,"column":19},"end":{"line":8,"column":1}},"1":{"start":{"line":5,"column":2},"end":{"line":7,"column":9}},"2":{"start":{"line":12,"column":22},"end":{"line":16,"column":2}}},"fnMap":{"0":{"name":"(anonymous_0)","decl":{"start":{"line":4,"column":19},"end":{"line":4,"column":20}},"loc":{"start":{"line":5,"column":2},"end":{"line":7,"column":9}},"line":5}},"branchMap":{},"s":{"0":4,"1":17,"2":4},"f":{"0":17},"b":{},"_coverageSchema":"1a1c01bbd47fc00a2c39e90264f33305004495a9","hash":"23fb37b250638d4979e286b82220b83119cf0fb0"}
,"/Users/leonpa/Desktop/react-native/femsa-code-challenge/src/components/ui/Button.jsx": {"path":"/Users/leonpa/Desktop/react-native/femsa-code-challenge/src/components/ui/Button.jsx","statementMap":{"0":{"start":{"line":6,"column":21},"end":{"line":19,"column":1}},"1":{"start":{"line":7,"column":2},"end":{"line":18,"column":4}},"2":{"start":{"line":10,"column":32},"end":{"line":10,"column":55}},"3":{"start":{"line":23,"column":56},"end":{"line":42,"column":2}}},"fnMap":{"0":{"name":"(anonymous_0)","decl":{"start":{"line":6,"column":21},"end":{"line":6,"column":22}},"loc":{"start":{"line":6,"column":48},"end":{"line":19,"column":1}},"line":6},"1":{"name":"(anonymous_1)","decl":{"start":{"line":10,"column":15},"end":{"line":10,"column":16}},"loc":{"start":{"line":10,"column":32},"end":{"line":10,"column":55}},"line":10}},"branchMap":{"0":{"loc":{"start":{"line":10,"column":32},"end":{"line":10,"column":55}},"type":"binary-expr","locations":[{"start":{"line":10,"column":32},"end":{"line":10,"column":39}},{"start":{"line":10,"column":43},"end":{"line":10,"column":55}}],"line":10}},"s":{"0":2,"1":9,"2":9,"3":2},"f":{"0":9,"1":9},"b":{"0":[9,0]},"_coverageSchema":"1a1c01bbd47fc00a2c39e90264f33305004495a9","hash":"689df038f36e71600b91b51cdf99f6a15c343ff0"}
,"/Users/leonpa/Desktop/react-native/femsa-code-challenge/src/context/ProductsContext.jsx": {"path":"/Users/leonpa/Desktop/react-native/femsa-code-challenge/src/context/ProductsContext.jsx","statementMap":{"0":{"start":{"line":5,"column":31},"end":{"line":8,"column":2}},"1":{"start":{"line":10,"column":32},"end":{"line":28,"column":1}},"2":{"start":{"line":11,"column":34},"end":{"line":11,"column":46}},"3":{"start":{"line":13,"column":22},"end":{"line":21,"column":3}},"4":{"start":{"line":14,"column":4},"end":{"line":20,"column":5}},"5":{"start":{"line":15,"column":23},"end":{"line":15,"column":47}},"6":{"start":{"line":16,"column":6},"end":{"line":16,"column":33}},"7":{"start":{"line":18,"column":6},"end":{"line":18,"column":71}},"8":{"start":{"line":19,"column":6},"end":{"line":19,"column":22}},"9":{"start":{"line":23,"column":2},"end":{"line":27,"column":4}}},"fnMap":{"0":{"name":"(anonymous_0)","decl":{"start":{"line":7,"column":15},"end":{"line":7,"column":16}},"loc":{"start":{"line":7,"column":27},"end":{"line":7,"column":29}},"line":7},"1":{"name":"(anonymous_1)","decl":{"start":{"line":10,"column":32},"end":{"line":10,"column":33}},"loc":{"start":{"line":10,"column":50},"end":{"line":28,"column":1}},"line":10},"2":{"name":"(anonymous_2)","decl":{"start":{"line":13,"column":22},"end":{"line":13,"column":23}},"loc":{"start":{"line":13,"column":34},"end":{"line":21,"column":3}},"line":13}},"branchMap":{},"s":{"0":3,"1":3,"2":5,"3":5,"4":2,"5":2,"6":1,"7":1,"8":1,"9":5},"f":{"0":1,"1":5,"2":2},"b":{},"_coverageSchema":"1a1c01bbd47fc00a2c39e90264f33305004495a9","hash":"6c2658bfc86f6255cd839ad3059dc95e769ab720"}
,"/Users/leonpa/Desktop/react-native/femsa-code-challenge/src/hooks/useDate.js": {"path":"/Users/leonpa/Desktop/react-native/femsa-code-challenge/src/hooks/useDate.js","statementMap":{"0":{"start":{"line":3,"column":16},"end":{"line":27,"column":1}},"1":{"start":{"line":4,"column":2},"end":{"line":4,"column":24}},"2":{"start":{"line":5,"column":17},"end":{"line":18,"column":3}},"3":{"start":{"line":20,"column":2},"end":{"line":26,"column":4}},"4":{"start":{"line":22,"column":6},"end":{"line":24,"column":31}}},"fnMap":{"0":{"name":"(anonymous_0)","decl":{"start":{"line":3,"column":16},"end":{"line":3,"column":17}},"loc":{"start":{"line":3,"column":26},"end":{"line":27,"column":1}},"line":3},"1":{"name":"(anonymous_1)","decl":{"start":{"line":21,"column":4},"end":{"line":21,"column":5}},"loc":{"start":{"line":22,"column":6},"end":{"line":24,"column":31}},"line":22}},"branchMap":{},"s":{"0":4,"1":11,"2":11,"3":11,"4":11},"f":{"0":11,"1":11},"b":{},"_coverageSchema":"1a1c01bbd47fc00a2c39e90264f33305004495a9","hash":"ec8e6ba7d7ff8ad436ed0cc5f5c191710fc96967"}
,"/Users/leonpa/Desktop/react-native/femsa-code-challenge/src/navigation/MainNavigation.jsx": {"path":"/Users/leonpa/Desktop/react-native/femsa-code-challenge/src/navigation/MainNavigation.jsx","statementMap":{"0":{"start":{"line":9,"column":30},"end":{"line":9,"column":58}},"1":{"start":{"line":11,"column":23},"end":{"line":41,"column":1}},"2":{"start":{"line":12,"column":2},"end":{"line":40,"column":4}},"3":{"start":{"line":26,"column":35},"end":{"line":34,"column":11}}},"fnMap":{"0":{"name":"(anonymous_0)","decl":{"start":{"line":11,"column":23},"end":{"line":11,"column":24}},"loc":{"start":{"line":11,"column":40},"end":{"line":41,"column":1}},"line":11},"1":{"name":"(anonymous_1)","decl":{"start":{"line":26,"column":19},"end":{"line":26,"column":20}},"loc":{"start":{"line":26,"column":35},"end":{"line":34,"column":11}},"line":26}},"branchMap":{},"s":{"0":1,"1":1,"2":1,"3":0},"f":{"0":1,"1":0},"b":{},"_coverageSchema":"1a1c01bbd47fc00a2c39e90264f33305004495a9","hash":"743a2269d7c53f2f3dd99fe15ead6af88eb63342"}
,"/Users/leonpa/Desktop/react-native/femsa-code-challenge/src/screens/HomeScreen.jsx": {"path":"/Users/leonpa/Desktop/react-native/femsa-code-challenge/src/screens/HomeScreen.jsx","statementMap":{"0":{"start":{"line":18,"column":24},"end":{"line":22,"column":2}},"1":{"start":{"line":24,"column":19},"end":{"line":95,"column":1}},"2":{"start":{"line":25,"column":36},"end":{"line":25,"column":63}},"3":{"start":{"line":27,"column":2},"end":{"line":30,"column":9}},"4":{"start":{"line":28,"column":4},"end":{"line":28,"column":32}},"5":{"start":{"line":28,"column":25},"end":{"line":28,"column":32}},"6":{"start":{"line":29,"column":4},"end":{"line":29,"column":18}},"7":{"start":{"line":32,"column":22},"end":{"line":42,"column":3}},"8":{"start":{"line":34,"column":6},"end":{"line":40,"column":11}},"9":{"start":{"line":35,"column":8},"end":{"line":39,"column":9}},"10":{"start":{"line":36,"column":10},"end":{"line":36,"column":36}},"11":{"start":{"line":38,"column":10},"end":{"line":38,"column":36}},"12":{"start":{"line":44,"column":25},"end":{"line":46,"column":3}},"13":{"start":{"line":45,"column":4},"end":{"line":45,"column":61}},"14":{"start":{"line":48,"column":43},"end":{"line":58,"column":46}},"15":{"start":{"line":49,"column":4},"end":{"line":57,"column":5}},"16":{"start":{"line":51,"column":8},"end":{"line":51,"column":67}},"17":{"start":{"line":51,"column":44},"end":{"line":51,"column":65}},"18":{"start":{"line":53,"column":8},"end":{"line":53,"column":68}},"19":{"start":{"line":53,"column":44},"end":{"line":53,"column":66}},"20":{"start":{"line":56,"column":8},"end":{"line":56,"column":24}},"21":{"start":{"line":60,"column":2},"end":{"line":94,"column":4}},"22":{"start":{"line":76,"column":35},"end":{"line":76,"column":70}},"23":{"start":{"line":82,"column":31},"end":{"line":82,"column":74}},"24":{"start":{"line":86,"column":37},"end":{"line":86,"column":77}},"25":{"start":{"line":105,"column":4},"end":{"line":127,"column":2}}},"fnMap":{"0":{"name":"(anonymous_0)","decl":{"start":{"line":24,"column":19},"end":{"line":24,"column":20}},"loc":{"start":{"line":24,"column":46},"end":{"line":95,"column":1}},"line":24},"1":{"name":"(anonymous_1)","decl":{"start":{"line":27,"column":18},"end":{"line":27,"column":19}},"loc":{"start":{"line":27,"column":24},"end":{"line":30,"column":3}},"line":27},"2":{"name":"(anonymous_2)","decl":{"start":{"line":33,"column":4},"end":{"line":33,"column":5}},"loc":{"start":{"line":34,"column":6},"end":{"line":40,"column":11}},"line":34},"3":{"name":"(anonymous_3)","decl":{"start":{"line":34,"column":22},"end":{"line":34,"column":23}},"loc":{"start":{"line":34,"column":38},"end":{"line":40,"column":7}},"line":34},"4":{"name":"(anonymous_4)","decl":{"start":{"line":44,"column":25},"end":{"line":44,"column":26}},"loc":{"start":{"line":44,"column":45},"end":{"line":46,"column":3}},"line":44},"5":{"name":"(anonymous_5)","decl":{"start":{"line":48,"column":51},"end":{"line":48,"column":52}},"loc":{"start":{"line":48,"column":57},"end":{"line":58,"column":3}},"line":48},"6":{"name":"(anonymous_6)","decl":{"start":{"line":51,"column":31},"end":{"line":51,"column":32}},"loc":{"start":{"line":51,"column":44},"end":{"line":51,"column":65}},"line":51},"7":{"name":"(anonymous_7)","decl":{"start":{"line":53,"column":31},"end":{"line":53,"column":32}},"loc":{"start":{"line":53,"column":44},"end":{"line":53,"column":66}},"line":53},"8":{"name":"(anonymous_8)","decl":{"start":{"line":76,"column":29},"end":{"line":76,"column":30}},"loc":{"start":{"line":76,"column":35},"end":{"line":76,"column":70}},"line":76},"9":{"name":"(anonymous_9)","decl":{"start":{"line":82,"column":25},"end":{"line":82,"column":26}},"loc":{"start":{"line":82,"column":31},"end":{"line":82,"column":74}},"line":82},"10":{"name":"(anonymous_10)","decl":{"start":{"line":86,"column":31},"end":{"line":86,"column":32}},"loc":{"start":{"line":86,"column":37},"end":{"line":86,"column":77}},"line":86}},"branchMap":{"0":{"loc":{"start":{"line":28,"column":4},"end":{"line":28,"column":32}},"type":"if","locations":[{"start":{"line":28,"column":4},"end":{"line":28,"column":32}},{"start":{},"end":{}}],"line":28},"1":{"loc":{"start":{"line":35,"column":8},"end":{"line":39,"column":9}},"type":"if","locations":[{"start":{"line":35,"column":8},"end":{"line":39,"column":9}},{"start":{"line":37,"column":15},"end":{"line":39,"column":9}}],"line":35},"2":{"loc":{"start":{"line":49,"column":4},"end":{"line":57,"column":5}},"type":"switch","locations":[{"start":{"line":50,"column":6},"end":{"line":51,"column":67}},{"start":{"line":52,"column":6},"end":{"line":53,"column":68}},{"start":{"line":54,"column":6},"end":{"line":54,"column":31}},{"start":{"line":55,"column":6},"end":{"line":56,"column":24}}],"line":49},"3":{"loc":{"start":{"line":73,"column":11},"end":{"line":90,"column":11}},"type":"cond-expr","locations":[{"start":{"line":76,"column":12},"end":{"line":78,"column":21}},{"start":{"line":80,"column":12},"end":{"line":89,"column":15}}],"line":73},"4":{"loc":{"start":{"line":108,"column":16},"end":{"line":108,"column":71}},"type":"cond-expr","locations":[{"start":{"line":108,"column":44},"end":{"line":108,"column":67}},{"start":{"line":108,"column":70},"end":{"line":108,"column":71}}],"line":108}},"s":{"0":2,"1":2,"2":5,"3":5,"4":5,"5":4,"6":1,"7":5,"8":5,"9":10,"10":2,"11":8,"12":5,"13":2,"14":5,"15":5,"16":1,"17":3,"18":0,"19":0,"20":4,"21":5,"22":0,"23":1,"24":1,"25":2},"f":{"0":5,"1":5,"2":5,"3":10,"4":2,"5":5,"6":3,"7":0,"8":0,"9":1,"10":1},"b":{"0":[4,1],"1":[2,8],"2":[1,0,0,4],"3":[1,4],"4":[0,2]},"_coverageSchema":"1a1c01bbd47fc00a2c39e90264f33305004495a9","hash":"18a322785e2b55ab6f9b2c4fe54b6c6c98ae0faf"}
,"/Users/leonpa/Desktop/react-native/femsa-code-challenge/src/utils/constants/colors.js": {"path":"/Users/leonpa/Desktop/react-native/femsa-code-challenge/src/utils/constants/colors.js","statementMap":{"0":{"start":{"line":1,"column":28},"end":{"line":16,"column":2}}},"fnMap":{},"branchMap":{},"s":{"0":3},"f":{},"b":{},"_coverageSchema":"1a1c01bbd47fc00a2c39e90264f33305004495a9","hash":"a27a700ceafe0fd09781917b4abd992114870ba1"}
,"/Users/leonpa/Desktop/react-native/femsa-code-challenge/src/utils/constants/fonts.js": {"path":"/Users/leonpa/Desktop/react-native/femsa-code-challenge/src/utils/constants/fonts.js","statementMap":{"0":{"start":{"line":1,"column":25},"end":{"line":4,"column":2}}},"fnMap":{},"branchMap":{},"s":{"0":4},"f":{},"b":{},"_coverageSchema":"1a1c01bbd47fc00a2c39e90264f33305004495a9","hash":"7554c630592b683cf157bc0d110d4c0a1318dda8"}
,"/Users/leonpa/Desktop/react-native/femsa-code-challenge/src/utils/constants/routes.js": {"path":"/Users/leonpa/Desktop/react-native/femsa-code-challenge/src/utils/constants/routes.js","statementMap":{"0":{"start":{"line":1,"column":26},"end":{"line":4,"column":2}}},"fnMap":{},"branchMap":{},"s":{"0":3},"f":{},"b":{},"_coverageSchema":"1a1c01bbd47fc00a2c39e90264f33305004495a9","hash":"333addfaead1165a70be874c977624b3d7e96030"}
}
