TN:
SF:App.js
FN:9,App
FN:15,(anonymous_1)
FNF:2
FNH:0
FNDA:0,App
FNDA:0,(anonymous_1)
DA:10,0
DA:15,0
DA:16,0
DA:17,0
DA:21,0
DA:22,0
DA:25,0
LF:7
LH:0
BRDA:16,0,0,0
BRDA:16,0,1,0
BRDA:21,1,0,0
BRDA:21,1,1,0
BRF:4
BRH:0
end_of_record
TN:
SF:react-native.config.js
FNF:0
FNH:0
DA:1,0
LF:1
LH:0
BRF:0
BRH:0
end_of_record
TN:
SF:src/api/endpoints.js
FN:3,(anonymous_0)
FNF:1
FNH:0
FNDA:0,(anonymous_0)
DA:3,2
LF:1
LH:1
BRF:0
BRH:0
end_of_record
TN:
SF:src/components/MainScreen/PointScore.jsx
FN:5,(anonymous_0)
FNF:1
FNH:1
FNDA:5,(anonymous_0)
DA:5,2
DA:6,5
DA:23,2
LF:3
LH:3
BRF:0
BRH:0
end_of_record
TN:
SF:src/components/MainScreen/ProductItem.jsx
FN:11,(anonymous_0)
FN:16,(anonymous_1)
FN:27,(anonymous_2)
FN:35,(anonymous_3)
FNF:4
FNH:4
FNDA:11,(anonymous_0)
FNDA:11,(anonymous_1)
FNDA:1,(anonymous_2)
FNDA:11,(anonymous_3)
DA:11,3
DA:12,11
DA:13,11
DA:15,11
DA:16,11
DA:27,11
DA:28,1
DA:31,11
DA:35,11
DA:81,3
LF:10
LH:10
BRDA:18,0,0,3
BRDA:18,0,1,8
BRDA:22,1,0,3
BRDA:22,1,1,8
BRDA:35,2,0,11
BRDA:35,2,1,0
BRF:6
BRH:5
end_of_record
TN:
SF:src/components/MainScreen/ProductList.jsx
FN:6,(anonymous_0)
FN:11,(anonymous_1)
FN:12,(anonymous_2)
FNF:3
FNH:3
FNDA:5,(anonymous_0)
FNDA:8,(anonymous_1)
FNDA:8,(anonymous_2)
DA:6,2
DA:7,5
DA:11,8
DA:12,8
DA:19,2
LF:5
LH:5
BRF:0
BRH:0
end_of_record
TN:
SF:src/components/MainScreen/WelcomeMessage.jsx
FN:5,(anonymous_0)
FNF:1
FNH:1
FNDA:6,(anonymous_0)
DA:5,3
DA:6,6
DA:16,3
LF:3
LH:3
BRF:0
BRH:0
end_of_record
TN:
SF:src/components/ui/AvenirBoldText.jsx
FN:4,(anonymous_0)
FNF:1
FNH:1
FNDA:68,(anonymous_0)
DA:4,4
DA:5,68
DA:12,4
LF:3
LH:3
BRF:0
BRH:0
end_of_record
TN:
SF:src/components/ui/AvenirText.jsx
FN:4,(anonymous_0)
FNF:1
FNH:1
FNDA:17,(anonymous_0)
DA:4,4
DA:5,17
DA:12,4
LF:3
LH:3
BRF:0
BRH:0
end_of_record
TN:
SF:src/components/ui/Button.jsx
FN:6,(anonymous_0)
FN:10,(anonymous_1)
FNF:2
FNH:2
FNDA:9,(anonymous_0)
FNDA:9,(anonymous_1)
DA:6,2
DA:7,9
DA:10,9
DA:23,2
LF:4
LH:4
BRDA:10,0,0,9
BRDA:10,0,1,0
BRF:2
BRH:1
end_of_record
TN:
SF:src/context/ProductsContext.jsx
FN:7,(anonymous_0)
FN:10,(anonymous_1)
FN:13,(anonymous_2)
FNF:3
FNH:3
FNDA:1,(anonymous_0)
FNDA:5,(anonymous_1)
FNDA:2,(anonymous_2)
DA:5,3
DA:10,3
DA:11,5
DA:13,5
DA:14,2
DA:15,2
DA:16,1
DA:18,1
DA:19,1
DA:23,5
LF:10
LH:10
BRF:0
BRH:0
end_of_record
TN:
SF:src/hooks/useDate.js
FN:3,(anonymous_0)
FN:21,(anonymous_1)
FNF:2
FNH:2
FNDA:11,(anonymous_0)
FNDA:11,(anonymous_1)
DA:3,4
DA:4,11
DA:5,11
DA:20,11
DA:22,11
LF:5
LH:5
BRF:0
BRH:0
end_of_record
TN:
SF:src/navigation/MainNavigation.jsx
FN:11,(anonymous_0)
FN:26,(anonymous_1)
FNF:2
FNH:1
FNDA:1,(anonymous_0)
FNDA:0,(anonymous_1)
DA:9,1
DA:11,1
DA:12,1
DA:26,0
LF:4
LH:3
BRF:0
BRH:0
end_of_record
TN:
SF:src/screens/HomeScreen.jsx
FN:24,(anonymous_0)
FN:27,(anonymous_1)
FN:33,(anonymous_2)
FN:34,(anonymous_3)
FN:44,(anonymous_4)
FN:48,(anonymous_5)
FN:51,(anonymous_6)
FN:53,(anonymous_7)
FN:76,(anonymous_8)
FN:82,(anonymous_9)
FN:86,(anonymous_10)
FNF:11
FNH:9
FNDA:5,(anonymous_0)
FNDA:5,(anonymous_1)
FNDA:5,(anonymous_2)
FNDA:10,(anonymous_3)
FNDA:2,(anonymous_4)
FNDA:5,(anonymous_5)
FNDA:3,(anonymous_6)
FNDA:0,(anonymous_7)
FNDA:0,(anonymous_8)
FNDA:1,(anonymous_9)
FNDA:1,(anonymous_10)
DA:18,2
DA:24,2
DA:25,5
DA:27,5
DA:28,5
DA:29,1
DA:32,5
DA:34,5
DA:35,10
DA:36,2
DA:38,8
DA:44,5
DA:45,2
DA:48,5
DA:49,5
DA:51,3
DA:53,0
DA:56,4
DA:60,5
DA:76,0
DA:82,1
DA:86,1
DA:105,2
LF:23
LH:21
BRDA:28,0,0,4
BRDA:28,0,1,1
BRDA:35,1,0,2
BRDA:35,1,1,8
BRDA:49,2,0,1
BRDA:49,2,1,0
BRDA:49,2,2,0
BRDA:49,2,3,4
BRDA:73,3,0,1
BRDA:73,3,1,4
BRDA:108,4,0,0
BRDA:108,4,1,2
BRF:12
BRH:9
end_of_record
TN:
SF:src/utils/constants/colors.js
FNF:0
FNH:0
DA:1,3
LF:1
LH:1
BRF:0
BRH:0
end_of_record
TN:
SF:src/utils/constants/fonts.js
FNF:0
FNH:0
DA:1,4
LF:1
LH:1
BRF:0
BRH:0
end_of_record
TN:
SF:src/utils/constants/routes.js
FNF:0
FNH:0
DA:1,3
LF:1
LH:1
BRF:0
BRH:0
end_of_record
