TN:
SF:App.js
FN:10,App
FN:16,(anonymous_1)
FN:17,(anonymous_2)
FN:25,(anonymous_3)
FNF:4
FNH:0
FNDA:0,App
FNDA:0,(anonymous_1)
FNDA:0,(anonymous_2)
FNDA:0,(anonymous_3)
DA:11,0
DA:16,0
DA:17,0
DA:18,0
DA:22,0
DA:25,0
DA:26,0
DA:27,0
DA:31,0
DA:32,0
DA:35,0
LF:11
LH:0
BRDA:26,0,0,0
BRDA:26,0,1,0
BRDA:31,1,0,0
BRDA:31,1,1,0
BRF:4
BRH:0
end_of_record
TN:
SF:src/api/endpoints.js
FN:3,(anonymous_0)
FNF:1
FNH:0
FNDA:0,(anonymous_0)
DA:3,2
LF:1
LH:1
BRF:0
BRH:0
end_of_record
TN:
SF:src/components/MainScreen/ProductItem.jsx
FN:16,(anonymous_0)
FN:28,(anonymous_1)
FNF:2
FNH:2
FNDA:4,(anonymous_0)
FNDA:1,(anonymous_1)
DA:16,4
DA:26,4
DA:29,1
DA:80,4
LF:4
LH:4
BRF:0
BRH:0
end_of_record
TN:
SF:src/components/MainScreen/ProductList.jsx
FN:11,(anonymous_0)
FN:16,(anonymous_1)
FN:27,(anonymous_2)
FN:32,(anonymous_3)
FNF:4
FNH:1
FNDA:7,(anonymous_0)
FNDA:0,(anonymous_1)
FNDA:0,(anonymous_2)
FNDA:0,(anonymous_3)
DA:11,3
DA:12,7
DA:13,7
DA:15,7
DA:16,0
DA:27,7
DA:28,0
DA:31,7
DA:33,0
DA:45,7
DA:58,3
LF:11
LH:8
BRDA:18,0,0,0
BRDA:18,0,1,0
BRDA:22,1,0,0
BRDA:22,1,1,0
BRF:4
BRH:0
end_of_record
TN:
SF:src/components/MainScreen/WelcomeMessage.jsx
FN:9,(anonymous_0)
FNF:1
FNH:1
FNDA:6,(anonymous_0)
DA:9,3
DA:10,6
DA:20,3
LF:3
LH:3
BRF:0
BRH:0
end_of_record
TN:
SF:src/components/ui/Button.jsx
FN:7,(anonymous_0)
FN:11,(anonymous_1)
FNF:2
FNH:2
FNDA:11,(anonymous_0)
FNDA:11,(anonymous_1)
DA:7,3
DA:8,11
DA:11,11
DA:29,3
LF:4
LH:4
BRDA:11,0,0,11
BRDA:11,0,1,0
BRF:2
BRH:1
end_of_record
TN:
SF:src/components/ui/CustomFontText.jsx
FN:4,(anonymous_0)
FNF:1
FNH:1
FNDA:14,(anonymous_0)
DA:4,4
DA:5,14
DA:12,4
LF:3
LH:3
BRDA:4,0,0,2
BRF:1
BRH:1
end_of_record
TN:
SF:src/components/ui/MessageCard.jsx
FN:7,(anonymous_0)
FNF:1
FNH:1
FNDA:8,(anonymous_0)
DA:7,3
DA:8,8
DA:26,3
LF:3
LH:3
BRF:0
BRH:0
end_of_record
TN:
SF:src/components/ui/OptimizedImage.jsx
FN:6,(anonymous_0)
FN:10,(anonymous_1)
FN:15,(anonymous_2)
FN:16,(anonymous_3)
FNF:4
FNH:2
FNDA:2,(anonymous_0)
FNDA:0,(anonymous_1)
FNDA:2,(anonymous_2)
FNDA:0,(anonymous_3)
DA:6,2
DA:7,2
DA:8,2
DA:10,2
DA:11,0
DA:12,0
DA:15,2
DA:16,2
DA:17,0
DA:19,0
DA:23,0
DA:27,0
DA:28,0
DA:33,0
DA:35,0
DA:39,2
DA:40,0
DA:44,2
DA:60,2
LF:19
LH:9
BRDA:17,0,0,0
BRDA:17,0,1,0
BRDA:19,1,0,0
BRDA:19,1,1,0
BRDA:23,2,0,0
BRDA:23,2,1,0
BRDA:39,3,0,0
BRDA:39,3,1,2
BRDA:39,4,0,2
BRDA:39,4,1,2
BRDA:53,5,0,2
BRDA:53,5,1,2
BRF:12
BRH:5
end_of_record
TN:
SF:src/context/ProductsContext.jsx
FN:8,(anonymous_0)
FN:11,(anonymous_1)
FN:17,(anonymous_2)
FN:21,(anonymous_3)
FNF:4
FNH:4
FNDA:1,(anonymous_0)
FNDA:5,(anonymous_1)
FNDA:2,(anonymous_2)
FNDA:2,(anonymous_3)
DA:5,3
DA:11,3
DA:12,5
DA:17,5
DA:18,2
DA:19,2
DA:20,1
DA:21,2
DA:28,1
DA:29,1
DA:33,5
LF:11
LH:11
BRF:0
BRH:0
end_of_record
TN:
SF:src/hooks/useDate.js
FN:3,(anonymous_0)
FN:19,(anonymous_1)
FNF:2
FNH:2
FNDA:8,(anonymous_0)
FNDA:1,(anonymous_1)
DA:3,4
DA:4,8
DA:19,8
DA:20,1
DA:21,1
LF:5
LH:5
BRF:0
BRH:0
end_of_record
TN:
SF:src/navigation/MainNavigation.jsx
FN:11,(anonymous_0)
FN:26,(anonymous_1)
FNF:2
FNH:1
FNDA:1,(anonymous_0)
FNDA:0,(anonymous_1)
DA:9,1
DA:11,1
DA:12,1
DA:26,0
LF:4
LH:3
BRF:0
BRH:0
end_of_record
TN:
SF:src/screens/HomeScreen.jsx
FN:25,(anonymous_0)
FN:29,(anonymous_1)
FN:35,(anonymous_2)
FN:36,(anonymous_3)
FN:46,(anonymous_4)
FN:50,(anonymous_5)
FN:53,(anonymous_6)
FN:55,(anonymous_7)
FN:63,(anonymous_8)
FN:97,(anonymous_9)
FN:103,(anonymous_10)
FN:107,(anonymous_11)
FNF:12
FNH:10
FNDA:5,(anonymous_0)
FNDA:5,(anonymous_1)
FNDA:5,(anonymous_2)
FNDA:10,(anonymous_3)
FNDA:2,(anonymous_4)
FNDA:5,(anonymous_5)
FNDA:3,(anonymous_6)
FNDA:0,(anonymous_7)
FNDA:5,(anonymous_8)
FNDA:0,(anonymous_9)
FNDA:1,(anonymous_10)
FNDA:1,(anonymous_11)
DA:19,2
DA:25,2
DA:27,5
DA:29,5
DA:30,5
DA:31,1
DA:34,5
DA:36,5
DA:37,10
DA:38,2
DA:40,8
DA:46,5
DA:47,2
DA:50,5
DA:51,5
DA:53,3
DA:55,0
DA:58,4
DA:62,5
DA:64,5
DA:70,5
DA:71,0
DA:80,5
DA:97,0
DA:103,1
DA:107,1
DA:126,2
LF:27
LH:24
BRDA:30,0,0,4
BRDA:30,0,1,1
BRDA:37,1,0,2
BRDA:37,1,1,8
BRDA:51,2,0,1
BRDA:51,2,1,0
BRDA:51,2,2,0
BRDA:51,2,3,4
BRDA:70,3,0,0
BRDA:70,3,1,5
BRDA:96,4,0,1
BRDA:96,4,1,4
BRDA:129,5,0,0
BRDA:129,5,1,2
BRF:14
BRH:10
end_of_record
TN:
SF:src/screens/ProductDetails.jsx
FN:9,(anonymous_0)
FN:45,(anonymous_1)
FNF:2
FNH:2
FNDA:2,(anonymous_0)
FNDA:1,(anonymous_1)
DA:9,2
DA:10,2
DA:12,2
DA:45,1
DA:64,2
LF:5
LH:5
BRDA:37,0,0,0
BRDA:37,0,1,2
BRF:2
BRH:1
end_of_record
TN:
SF:src/utils/constants/breakpoints.js
FNF:0
FNH:0
DA:1,9
DA:12,9
LF:2
LH:2
BRF:0
BRH:0
end_of_record
TN:
SF:src/utils/constants/colors.js
FNF:0
FNH:0
DA:3,5
DA:20,5
LF:2
LH:2
BRF:0
BRH:0
end_of_record
TN:
SF:src/utils/constants/fonts.js
FNF:0
FNH:0
DA:4,8
DA:9,8
DA:22,8
LF:3
LH:3
BRF:0
BRH:0
end_of_record
TN:
SF:src/utils/constants/routes.js
FNF:0
FNH:0
DA:1,3
LF:1
LH:1
BRF:0
BRH:0
end_of_record
TN:
SF:src/utils/helpers/styleHelpers.js
FN:4,(anonymous_0)
FN:8,(anonymous_1)
FNF:2
FNH:2
FNDA:279,(anonymous_0)
FNDA:93,(anonymous_1)
DA:4,9
DA:5,279
DA:8,9
DA:9,93
DA:11,93
DA:12,1
DA:13,92
DA:20,1
DA:21,91
DA:28,0
DA:31,91
DA:38,0
DA:44,91
DA:45,91
DA:54,0
LF:15
LH:12
BRDA:5,0,0,279
BRDA:5,0,1,278
BRDA:11,1,0,1
BRDA:11,1,1,92
BRDA:13,2,0,1
BRDA:13,2,1,91
BRDA:20,3,0,1
BRDA:20,3,1,1
BRDA:21,4,0,0
BRDA:21,4,1,91
BRDA:29,5,0,0
BRDA:29,5,1,0
BRDA:29,5,2,0
BRDA:31,6,0,0
BRDA:31,6,1,91
BRDA:39,7,0,0
BRDA:39,7,1,0
BRDA:39,7,2,0
BRDA:39,7,3,0
BRDA:44,8,0,91
BRDA:44,8,1,0
BRDA:46,9,0,91
BRDA:46,9,1,26
BRDA:46,9,2,0
BRDA:46,9,3,0
BRDA:46,9,4,0
BRF:26
BRH:13
end_of_record
